{"/home/mousse/Projects/dataframe-js/tests/dataframe-test.js":{"path":"/home/mousse/Projects/dataframe-js/tests/dataframe-test.js","statementMap":{"0":{"start":{"line":3,"column":10},"end":{"line":3,"column":52}},"1":{"start":{"line":5,"column":11},"end":{"line":5,"column":38}},"2":{"start":{"line":7,"column":20},"end":{"line":7,"column":64}},"3":{"start":{"line":9,"column":20},"end":{"line":9,"column":57}},"4":{"start":{"line":11,"column":23},"end":{"line":11,"column":70}},"5":{"start":{"line":13,"column":23},"end":{"line":13,"column":63}},"6":{"start":{"line":15,"column":26},"end":{"line":15,"column":76}},"7":{"start":{"line":17,"column":26},"end":{"line":17,"column":69}},"8":{"start":{"line":19,"column":12},"end":{"line":19,"column":27}},"9":{"start":{"line":21,"column":13},"end":{"line":21,"column":42}},"10":{"start":{"line":23,"column":12},"end":{"line":23,"column":27}},"11":{"start":{"line":25,"column":13},"end":{"line":25,"column":42}},"12":{"start":{"line":27,"column":13},"end":{"line":27,"column":39}},"13":{"start":{"line":29,"column":13},"end":{"line":29,"column":34}},"14":{"start":{"line":31,"column":39},"end":{"line":31,"column":93}},"15":{"start":{"line":33,"column":11},"end":{"line":33,"column":25}},"16":{"start":{"line":35,"column":0},"end":{"line":160,"column":3}},"17":{"start":{"line":36,"column":15},"end":{"line":39,"column":5}},"18":{"start":{"line":41,"column":16},"end":{"line":41,"column":64}},"19":{"start":{"line":43,"column":21},"end":{"line":59,"column":6}},"20":{"start":{"line":61,"column":4},"end":{"line":61,"column":136}},"21":{"start":{"line":63,"column":4},"end":{"line":63,"column":132}},"22":{"start":{"line":65,"column":4},"end":{"line":65,"column":154}},"23":{"start":{"line":67,"column":4},"end":{"line":67,"column":133}},"24":{"start":{"line":69,"column":4},"end":{"line":69,"column":157}},"25":{"start":{"line":71,"column":4},"end":{"line":71,"column":142}},"26":{"start":{"line":73,"column":4},"end":{"line":73,"column":142}},"27":{"start":{"line":75,"column":22},"end":{"line":75,"column":65}},"28":{"start":{"line":77,"column":4},"end":{"line":79,"column":7}},"29":{"start":{"line":78,"column":8},"end":{"line":78,"column":178}},"30":{"start":{"line":81,"column":4},"end":{"line":83,"column":7}},"31":{"start":{"line":82,"column":8},"end":{"line":82,"column":174}},"32":{"start":{"line":85,"column":4},"end":{"line":87,"column":7}},"33":{"start":{"line":86,"column":8},"end":{"line":86,"column":183}},"34":{"start":{"line":89,"column":4},"end":{"line":91,"column":7}},"35":{"start":{"line":90,"column":8},"end":{"line":90,"column":185}},"36":{"start":{"line":93,"column":4},"end":{"line":95,"column":7}},"37":{"start":{"line":94,"column":8},"end":{"line":94,"column":196}},"38":{"start":{"line":97,"column":14},"end":{"line":97,"column":122}},"39":{"start":{"line":99,"column":4},"end":{"line":99,"column":73}},"40":{"start":{"line":101,"column":4},"end":{"line":103,"column":231}},"41":{"start":{"line":102,"column":8},"end":{"line":102,"column":28}},"42":{"start":{"line":105,"column":4},"end":{"line":107,"column":248}},"43":{"start":{"line":106,"column":8},"end":{"line":106,"column":28}},"44":{"start":{"line":109,"column":4},"end":{"line":109,"column":273}},"45":{"start":{"line":111,"column":4},"end":{"line":118,"column":40}},"46":{"start":{"line":120,"column":4},"end":{"line":120,"column":169}},"47":{"start":{"line":122,"column":4},"end":{"line":122,"column":127}},"48":{"start":{"line":124,"column":4},"end":{"line":124,"column":121}},"49":{"start":{"line":126,"column":4},"end":{"line":126,"column":114}},"50":{"start":{"line":128,"column":4},"end":{"line":128,"column":125}},"51":{"start":{"line":130,"column":4},"end":{"line":130,"column":158}},"52":{"start":{"line":132,"column":4},"end":{"line":132,"column":192}},"53":{"start":{"line":134,"column":14},"end":{"line":138,"column":41}},"54":{"start":{"line":140,"column":23},"end":{"line":140,"column":279}},"55":{"start":{"line":142,"column":4},"end":{"line":142,"column":80}},"56":{"start":{"line":144,"column":4},"end":{"line":149,"column":22}},"57":{"start":{"line":151,"column":4},"end":{"line":157,"column":55}},"58":{"start":{"line":159,"column":4},"end":{"line":159,"column":17}},"59":{"start":{"line":162,"column":0},"end":{"line":176,"column":3}},"60":{"start":{"line":163,"column":4},"end":{"line":165,"column":72}},"61":{"start":{"line":164,"column":8},"end":{"line":164,"column":40}},"62":{"start":{"line":167,"column":4},"end":{"line":169,"column":73}},"63":{"start":{"line":168,"column":8},"end":{"line":168,"column":38}},"64":{"start":{"line":171,"column":4},"end":{"line":173,"column":72}},"65":{"start":{"line":172,"column":8},"end":{"line":172,"column":41}},"66":{"start":{"line":175,"column":4},"end":{"line":175,"column":17}},"67":{"start":{"line":178,"column":0},"end":{"line":258,"column":3}},"68":{"start":{"line":179,"column":13},"end":{"line":179,"column":121}},"69":{"start":{"line":181,"column":4},"end":{"line":181,"column":88}},"70":{"start":{"line":183,"column":4},"end":{"line":183,"column":57}},"71":{"start":{"line":185,"column":4},"end":{"line":189,"column":20}},"72":{"start":{"line":191,"column":4},"end":{"line":191,"column":91}},"73":{"start":{"line":193,"column":4},"end":{"line":200,"column":19}},"74":{"start":{"line":194,"column":8},"end":{"line":194,"column":33}},"75":{"start":{"line":202,"column":4},"end":{"line":208,"column":20}},"76":{"start":{"line":203,"column":8},"end":{"line":203,"column":57}},"77":{"start":{"line":210,"column":4},"end":{"line":213,"column":19}},"78":{"start":{"line":215,"column":4},"end":{"line":215,"column":132}},"79":{"start":{"line":217,"column":4},"end":{"line":217,"column":142}},"80":{"start":{"line":219,"column":4},"end":{"line":219,"column":140}},"81":{"start":{"line":221,"column":22},"end":{"line":225,"column":5}},"82":{"start":{"line":222,"column":8},"end":{"line":222,"column":57}},"83":{"start":{"line":224,"column":8},"end":{"line":224,"column":57}},"84":{"start":{"line":227,"column":4},"end":{"line":229,"column":58}},"85":{"start":{"line":228,"column":8},"end":{"line":228,"column":36}},"86":{"start":{"line":231,"column":4},"end":{"line":231,"column":117}},"87":{"start":{"line":233,"column":4},"end":{"line":237,"column":24}},"88":{"start":{"line":239,"column":4},"end":{"line":239,"column":202}},"89":{"start":{"line":241,"column":4},"end":{"line":241,"column":109}},"90":{"start":{"line":243,"column":4},"end":{"line":247,"column":50}},"91":{"start":{"line":249,"column":4},"end":{"line":253,"column":66}},"92":{"start":{"line":255,"column":4},"end":{"line":255,"column":75}},"93":{"start":{"line":257,"column":4},"end":{"line":257,"column":17}},"94":{"start":{"line":260,"column":0},"end":{"line":266,"column":3}},"95":{"start":{"line":261,"column":4},"end":{"line":263,"column":112}},"96":{"start":{"line":262,"column":8},"end":{"line":262,"column":74}},"97":{"start":{"line":265,"column":4},"end":{"line":265,"column":17}},"98":{"start":{"line":268,"column":0},"end":{"line":448,"column":3}},"99":{"start":{"line":269,"column":14},"end":{"line":273,"column":41}},"100":{"start":{"line":275,"column":4},"end":{"line":275,"column":45}},"101":{"start":{"line":277,"column":4},"end":{"line":277,"column":102}},"102":{"start":{"line":279,"column":4},"end":{"line":279,"column":109}},"103":{"start":{"line":281,"column":4},"end":{"line":281,"column":211}},"104":{"start":{"line":283,"column":4},"end":{"line":283,"column":292}},"105":{"start":{"line":285,"column":4},"end":{"line":285,"column":318}},"106":{"start":{"line":287,"column":4},"end":{"line":289,"column":75}},"107":{"start":{"line":288,"column":8},"end":{"line":288,"column":39}},"108":{"start":{"line":291,"column":4},"end":{"line":291,"column":128}},"109":{"start":{"line":293,"column":4},"end":{"line":293,"column":110}},"110":{"start":{"line":295,"column":4},"end":{"line":295,"column":100}},"111":{"start":{"line":297,"column":4},"end":{"line":299,"column":117}},"112":{"start":{"line":298,"column":8},"end":{"line":298,"column":38}},"113":{"start":{"line":301,"column":4},"end":{"line":305,"column":88}},"114":{"start":{"line":302,"column":8},"end":{"line":302,"column":39}},"115":{"start":{"line":304,"column":8},"end":{"line":304,"column":38}},"116":{"start":{"line":307,"column":4},"end":{"line":311,"column":135}},"117":{"start":{"line":308,"column":8},"end":{"line":308,"column":39}},"118":{"start":{"line":310,"column":8},"end":{"line":310,"column":38}},"119":{"start":{"line":313,"column":4},"end":{"line":319,"column":98}},"120":{"start":{"line":314,"column":8},"end":{"line":314,"column":39}},"121":{"start":{"line":316,"column":8},"end":{"line":316,"column":38}},"122":{"start":{"line":318,"column":8},"end":{"line":318,"column":43}},"123":{"start":{"line":321,"column":14},"end":{"line":323,"column":6}},"124":{"start":{"line":322,"column":8},"end":{"line":322,"column":59}},"125":{"start":{"line":325,"column":4},"end":{"line":327,"column":45}},"126":{"start":{"line":326,"column":8},"end":{"line":326,"column":36}},"127":{"start":{"line":329,"column":4},"end":{"line":331,"column":71}},"128":{"start":{"line":330,"column":8},"end":{"line":330,"column":121}},"129":{"start":{"line":333,"column":4},"end":{"line":335,"column":80}},"130":{"start":{"line":334,"column":8},"end":{"line":334,"column":121}},"131":{"start":{"line":337,"column":14},"end":{"line":340,"column":23}},"132":{"start":{"line":342,"column":14},"end":{"line":346,"column":30}},"133":{"start":{"line":348,"column":4},"end":{"line":352,"column":280}},"134":{"start":{"line":349,"column":23},"end":{"line":349,"column":36}},"135":{"start":{"line":350,"column":20},"end":{"line":350,"column":30}},"136":{"start":{"line":351,"column":8},"end":{"line":351,"column":61}},"137":{"start":{"line":354,"column":4},"end":{"line":359,"column":67}},"138":{"start":{"line":355,"column":8},"end":{"line":355,"column":29}},"139":{"start":{"line":361,"column":4},"end":{"line":367,"column":70}},"140":{"start":{"line":362,"column":8},"end":{"line":362,"column":29}},"141":{"start":{"line":369,"column":4},"end":{"line":369,"column":130}},"142":{"start":{"line":371,"column":4},"end":{"line":371,"column":148}},"143":{"start":{"line":373,"column":14},"end":{"line":376,"column":23}},"144":{"start":{"line":378,"column":4},"end":{"line":378,"column":169}},"145":{"start":{"line":380,"column":15},"end":{"line":383,"column":23}},"146":{"start":{"line":385,"column":4},"end":{"line":385,"column":206}},"147":{"start":{"line":387,"column":14},"end":{"line":391,"column":30}},"148":{"start":{"line":393,"column":15},"end":{"line":397,"column":31}},"149":{"start":{"line":399,"column":4},"end":{"line":399,"column":347}},"150":{"start":{"line":401,"column":4},"end":{"line":401,"column":292}},"151":{"start":{"line":403,"column":4},"end":{"line":403,"column":697}},"152":{"start":{"line":405,"column":4},"end":{"line":405,"column":608}},"153":{"start":{"line":407,"column":4},"end":{"line":407,"column":195}},"154":{"start":{"line":409,"column":4},"end":{"line":409,"column":274}},"155":{"start":{"line":411,"column":4},"end":{"line":411,"column":697}},"156":{"start":{"line":413,"column":4},"end":{"line":413,"column":558}},"157":{"start":{"line":415,"column":4},"end":{"line":415,"column":699}},"158":{"start":{"line":417,"column":4},"end":{"line":417,"column":560}},"159":{"start":{"line":419,"column":4},"end":{"line":419,"column":389}},"160":{"start":{"line":421,"column":14},"end":{"line":423,"column":15}},"161":{"start":{"line":422,"column":8},"end":{"line":422,"column":21}},"162":{"start":{"line":425,"column":4},"end":{"line":425,"column":88}},"163":{"start":{"line":427,"column":4},"end":{"line":427,"column":99}},"164":{"start":{"line":429,"column":14},"end":{"line":431,"column":15}},"165":{"start":{"line":430,"column":8},"end":{"line":430,"column":21}},"166":{"start":{"line":433,"column":4},"end":{"line":433,"column":69}},"167":{"start":{"line":435,"column":4},"end":{"line":437,"column":67}},"168":{"start":{"line":436,"column":8},"end":{"line":436,"column":34}},"169":{"start":{"line":439,"column":21},"end":{"line":441,"column":6}},"170":{"start":{"line":440,"column":8},"end":{"line":440,"column":37}},"171":{"start":{"line":443,"column":4},"end":{"line":443,"column":189}},"172":{"start":{"line":445,"column":4},"end":{"line":445,"column":446}},"173":{"start":{"line":447,"column":4},"end":{"line":447,"column":17}},"174":{"start":{"line":450,"column":0},"end":{"line":468,"column":3}},"175":{"start":{"line":451,"column":4},"end":{"line":453,"column":110}},"176":{"start":{"line":452,"column":8},"end":{"line":452,"column":104}},"177":{"start":{"line":455,"column":4},"end":{"line":457,"column":82}},"178":{"start":{"line":456,"column":8},"end":{"line":456,"column":66}},"179":{"start":{"line":459,"column":4},"end":{"line":461,"column":78}},"180":{"start":{"line":460,"column":8},"end":{"line":460,"column":70}},"181":{"start":{"line":463,"column":4},"end":{"line":465,"column":91}},"182":{"start":{"line":464,"column":8},"end":{"line":464,"column":97}},"183":{"start":{"line":467,"column":4},"end":{"line":467,"column":17}},"184":{"start":{"line":470,"column":0},"end":{"line":509,"column":3}},"185":{"start":{"line":471,"column":21},"end":{"line":486,"column":7}},"186":{"start":{"line":473,"column":12},"end":{"line":473,"column":60}},"187":{"start":{"line":475,"column":12},"end":{"line":475,"column":32}},"188":{"start":{"line":476,"column":12},"end":{"line":476,"column":37}},"189":{"start":{"line":479,"column":8},"end":{"line":484,"column":12}},"190":{"start":{"line":482,"column":16},"end":{"line":482,"column":29}},"191":{"start":{"line":485,"column":8},"end":{"line":485,"column":26}},"192":{"start":{"line":488,"column":13},"end":{"line":492,"column":53}},"193":{"start":{"line":494,"column":4},"end":{"line":494,"column":92}},"194":{"start":{"line":496,"column":4},"end":{"line":496,"column":79}},"195":{"start":{"line":498,"column":4},"end":{"line":498,"column":128}},"196":{"start":{"line":500,"column":4},"end":{"line":500,"column":151}},"197":{"start":{"line":502,"column":4},"end":{"line":506,"column":129}},"198":{"start":{"line":508,"column":4},"end":{"line":508,"column":17}},"199":{"start":{"line":511,"column":0},"end":{"line":523,"column":3}},"200":{"start":{"line":512,"column":13},"end":{"line":512,"column":121}},"201":{"start":{"line":514,"column":4},"end":{"line":516,"column":33}},"202":{"start":{"line":515,"column":8},"end":{"line":515,"column":33}},"203":{"start":{"line":518,"column":4},"end":{"line":520,"column":63}},"204":{"start":{"line":519,"column":8},"end":{"line":519,"column":19}},"205":{"start":{"line":522,"column":4},"end":{"line":522,"column":17}}},"fnMap":{"0":{"name":"_interopRequireDefault","decl":{"start":{"line":31,"column":9},"end":{"line":31,"column":31}},"loc":{"start":{"line":31,"column":37},"end":{"line":31,"column":95}}},"1":{"name":"(anonymous_1)","decl":{"start":{"line":35,"column":25},"end":{"line":35,"column":26}},"loc":{"start":{"line":35,"column":43},"end":{"line":160,"column":1}}},"2":{"name":"(anonymous_2)","decl":{"start":{"line":77,"column":70},"end":{"line":77,"column":71}},"loc":{"start":{"line":77,"column":87},"end":{"line":79,"column":5}}},"3":{"name":"(anonymous_3)","decl":{"start":{"line":81,"column":73},"end":{"line":81,"column":74}},"loc":{"start":{"line":81,"column":90},"end":{"line":83,"column":5}}},"4":{"name":"(anonymous_4)","decl":{"start":{"line":85,"column":78},"end":{"line":85,"column":79}},"loc":{"start":{"line":85,"column":95},"end":{"line":87,"column":5}}},"5":{"name":"(anonymous_5)","decl":{"start":{"line":89,"column":79},"end":{"line":89,"column":80}},"loc":{"start":{"line":89,"column":96},"end":{"line":91,"column":5}}},"6":{"name":"(anonymous_6)","decl":{"start":{"line":93,"column":81},"end":{"line":93,"column":82}},"loc":{"start":{"line":93,"column":98},"end":{"line":95,"column":5}}},"7":{"name":"(anonymous_7)","decl":{"start":{"line":101,"column":48},"end":{"line":101,"column":49}},"loc":{"start":{"line":101,"column":63},"end":{"line":103,"column":5}}},"8":{"name":"(anonymous_8)","decl":{"start":{"line":105,"column":74},"end":{"line":105,"column":75}},"loc":{"start":{"line":105,"column":89},"end":{"line":107,"column":5}}},"9":{"name":"(anonymous_9)","decl":{"start":{"line":162,"column":28},"end":{"line":162,"column":29}},"loc":{"start":{"line":162,"column":46},"end":{"line":176,"column":1}}},"10":{"name":"(anonymous_10)","decl":{"start":{"line":163,"column":38},"end":{"line":163,"column":39}},"loc":{"start":{"line":163,"column":50},"end":{"line":165,"column":5}}},"11":{"name":"(anonymous_11)","decl":{"start":{"line":167,"column":38},"end":{"line":167,"column":39}},"loc":{"start":{"line":167,"column":50},"end":{"line":169,"column":5}}},"12":{"name":"(anonymous_12)","decl":{"start":{"line":171,"column":38},"end":{"line":171,"column":39}},"loc":{"start":{"line":171,"column":50},"end":{"line":173,"column":5}}},"13":{"name":"(anonymous_13)","decl":{"start":{"line":178,"column":33},"end":{"line":178,"column":34}},"loc":{"start":{"line":178,"column":51},"end":{"line":258,"column":1}}},"14":{"name":"(anonymous_14)","decl":{"start":{"line":193,"column":66},"end":{"line":193,"column":67}},"loc":{"start":{"line":193,"column":81},"end":{"line":195,"column":5}}},"15":{"name":"(anonymous_15)","decl":{"start":{"line":202,"column":66},"end":{"line":202,"column":67}},"loc":{"start":{"line":202,"column":81},"end":{"line":204,"column":5}}},"16":{"name":"CustomClass","decl":{"start":{"line":221,"column":31},"end":{"line":221,"column":42}},"loc":{"start":{"line":221,"column":59},"end":{"line":225,"column":5}}},"17":{"name":"(anonymous_17)","decl":{"start":{"line":227,"column":74},"end":{"line":227,"column":75}},"loc":{"start":{"line":227,"column":89},"end":{"line":229,"column":5}}},"18":{"name":"(anonymous_18)","decl":{"start":{"line":260,"column":37},"end":{"line":260,"column":38}},"loc":{"start":{"line":260,"column":55},"end":{"line":266,"column":1}}},"19":{"name":"(anonymous_19)","decl":{"start":{"line":261,"column":38},"end":{"line":261,"column":39}},"loc":{"start":{"line":261,"column":50},"end":{"line":263,"column":5}}},"20":{"name":"(anonymous_20)","decl":{"start":{"line":268,"column":31},"end":{"line":268,"column":32}},"loc":{"start":{"line":268,"column":49},"end":{"line":448,"column":1}}},"21":{"name":"(anonymous_21)","decl":{"start":{"line":287,"column":32},"end":{"line":287,"column":33}},"loc":{"start":{"line":287,"column":48},"end":{"line":289,"column":5}}},"22":{"name":"(anonymous_22)","decl":{"start":{"line":297,"column":29},"end":{"line":297,"column":30}},"loc":{"start":{"line":297,"column":45},"end":{"line":299,"column":5}}},"23":{"name":"(anonymous_23)","decl":{"start":{"line":301,"column":32},"end":{"line":301,"column":33}},"loc":{"start":{"line":301,"column":48},"end":{"line":303,"column":5}}},"24":{"name":"(anonymous_24)","decl":{"start":{"line":303,"column":11},"end":{"line":303,"column":12}},"loc":{"start":{"line":303,"column":27},"end":{"line":305,"column":5}}},"25":{"name":"(anonymous_25)","decl":{"start":{"line":307,"column":31},"end":{"line":307,"column":32}},"loc":{"start":{"line":307,"column":47},"end":{"line":309,"column":5}}},"26":{"name":"(anonymous_26)","decl":{"start":{"line":309,"column":7},"end":{"line":309,"column":8}},"loc":{"start":{"line":309,"column":23},"end":{"line":311,"column":5}}},"27":{"name":"(anonymous_27)","decl":{"start":{"line":313,"column":31},"end":{"line":313,"column":32}},"loc":{"start":{"line":313,"column":47},"end":{"line":315,"column":5}}},"28":{"name":"(anonymous_28)","decl":{"start":{"line":315,"column":7},"end":{"line":315,"column":8}},"loc":{"start":{"line":315,"column":23},"end":{"line":317,"column":5}}},"29":{"name":"(anonymous_29)","decl":{"start":{"line":317,"column":7},"end":{"line":317,"column":8}},"loc":{"start":{"line":317,"column":23},"end":{"line":319,"column":5}}},"30":{"name":"(anonymous_30)","decl":{"start":{"line":321,"column":40},"end":{"line":321,"column":41}},"loc":{"start":{"line":321,"column":55},"end":{"line":323,"column":5}}},"31":{"name":"(anonymous_31)","decl":{"start":{"line":325,"column":28},"end":{"line":325,"column":29}},"loc":{"start":{"line":325,"column":44},"end":{"line":327,"column":5}}},"32":{"name":"(anonymous_32)","decl":{"start":{"line":329,"column":32},"end":{"line":329,"column":33}},"loc":{"start":{"line":329,"column":48},"end":{"line":331,"column":5}}},"33":{"name":"(anonymous_33)","decl":{"start":{"line":333,"column":37},"end":{"line":333,"column":38}},"loc":{"start":{"line":333,"column":53},"end":{"line":335,"column":5}}},"34":{"name":"(anonymous_34)","decl":{"start":{"line":348,"column":58},"end":{"line":348,"column":59}},"loc":{"start":{"line":348,"column":74},"end":{"line":352,"column":5}}},"35":{"name":"(anonymous_35)","decl":{"start":{"line":354,"column":49},"end":{"line":354,"column":50}},"loc":{"start":{"line":354,"column":66},"end":{"line":356,"column":5}}},"36":{"name":"(anonymous_36)","decl":{"start":{"line":361,"column":56},"end":{"line":361,"column":57}},"loc":{"start":{"line":361,"column":73},"end":{"line":363,"column":5}}},"37":{"name":"(anonymous_37)","decl":{"start":{"line":421,"column":101},"end":{"line":421,"column":102}},"loc":{"start":{"line":421,"column":116},"end":{"line":423,"column":5}}},"38":{"name":"(anonymous_38)","decl":{"start":{"line":429,"column":103},"end":{"line":429,"column":104}},"loc":{"start":{"line":429,"column":118},"end":{"line":431,"column":5}}},"39":{"name":"(anonymous_39)","decl":{"start":{"line":435,"column":41},"end":{"line":435,"column":42}},"loc":{"start":{"line":435,"column":63},"end":{"line":437,"column":5}}},"40":{"name":"(anonymous_40)","decl":{"start":{"line":439,"column":52},"end":{"line":439,"column":53}},"loc":{"start":{"line":439,"column":67},"end":{"line":441,"column":5}}},"41":{"name":"(anonymous_41)","decl":{"start":{"line":450,"column":34},"end":{"line":450,"column":35}},"loc":{"start":{"line":450,"column":52},"end":{"line":468,"column":1}}},"42":{"name":"(anonymous_42)","decl":{"start":{"line":451,"column":38},"end":{"line":451,"column":39}},"loc":{"start":{"line":451,"column":50},"end":{"line":453,"column":5}}},"43":{"name":"(anonymous_43)","decl":{"start":{"line":455,"column":38},"end":{"line":455,"column":39}},"loc":{"start":{"line":455,"column":50},"end":{"line":457,"column":5}}},"44":{"name":"(anonymous_44)","decl":{"start":{"line":459,"column":38},"end":{"line":459,"column":39}},"loc":{"start":{"line":459,"column":50},"end":{"line":461,"column":5}}},"45":{"name":"(anonymous_45)","decl":{"start":{"line":463,"column":38},"end":{"line":463,"column":39}},"loc":{"start":{"line":463,"column":50},"end":{"line":465,"column":5}}},"46":{"name":"(anonymous_46)","decl":{"start":{"line":470,"column":34},"end":{"line":470,"column":35}},"loc":{"start":{"line":470,"column":52},"end":{"line":509,"column":1}}},"47":{"name":"(anonymous_47)","decl":{"start":{"line":471,"column":21},"end":{"line":471,"column":22}},"loc":{"start":{"line":471,"column":33},"end":{"line":486,"column":5}}},"48":{"name":"FakeModule","decl":{"start":{"line":472,"column":17},"end":{"line":472,"column":27}},"loc":{"start":{"line":472,"column":39},"end":{"line":477,"column":9}}},"49":{"name":"test","decl":{"start":{"line":481,"column":28},"end":{"line":481,"column":32}},"loc":{"start":{"line":481,"column":36},"end":{"line":483,"column":13}}},"50":{"name":"(anonymous_50)","decl":{"start":{"line":511,"column":38},"end":{"line":511,"column":39}},"loc":{"start":{"line":511,"column":56},"end":{"line":523,"column":1}}},"51":{"name":"(anonymous_51)","decl":{"start":{"line":514,"column":42},"end":{"line":514,"column":43}},"loc":{"start":{"line":514,"column":57},"end":{"line":516,"column":5}}},"52":{"name":"(anonymous_52)","decl":{"start":{"line":518,"column":42},"end":{"line":518,"column":43}},"loc":{"start":{"line":518,"column":57},"end":{"line":520,"column":5}}}},"branchMap":{"0":{"loc":{"start":{"line":31,"column":46},"end":{"line":31,"column":92}},"type":"cond-expr","locations":[{"start":{"line":31,"column":70},"end":{"line":31,"column":73}},{"start":{"line":31,"column":76},"end":{"line":31,"column":92}}]},"1":{"loc":{"start":{"line":31,"column":46},"end":{"line":31,"column":67}},"type":"binary-expr","locations":[{"start":{"line":31,"column":46},"end":{"line":31,"column":49}},{"start":{"line":31,"column":53},"end":{"line":31,"column":67}}]},"2":{"loc":{"start":{"line":203,"column":15},"end":{"line":203,"column":56}},"type":"cond-expr","locations":[{"start":{"line":203,"column":31},"end":{"line":203,"column":48}},{"start":{"line":203,"column":51},"end":{"line":203,"column":56}}]},"3":{"loc":{"start":{"line":322,"column":15},"end":{"line":322,"column":58}},"type":"cond-expr","locations":[{"start":{"line":322,"column":36},"end":{"line":322,"column":54}},{"start":{"line":322,"column":57},"end":{"line":322,"column":58}}]}},"s":{"0":1,"1":1,"2":1,"3":1,"4":1,"5":1,"6":1,"7":1,"8":1,"9":1,"10":1,"11":1,"12":1,"13":1,"14":6,"15":1,"16":1,"17":1,"18":1,"19":1,"20":1,"21":1,"22":1,"23":1,"24":1,"25":1,"26":1,"27":1,"28":1,"29":1,"30":1,"31":1,"32":1,"33":1,"34":1,"35":1,"36":1,"37":1,"38":1,"39":1,"40":1,"41":3,"42":1,"43":3,"44":1,"45":1,"46":1,"47":1,"48":1,"49":1,"50":1,"51":1,"52":1,"53":1,"54":1,"55":1,"56":1,"57":1,"58":1,"59":1,"60":1,"61":1,"62":1,"63":1,"64":1,"65":1,"66":1,"67":1,"68":1,"69":1,"70":1,"71":1,"72":1,"73":1,"74":3,"75":1,"76":3,"77":1,"78":1,"79":1,"80":1,"81":1,"82":3,"83":3,"84":1,"85":3,"86":1,"87":1,"88":1,"89":1,"90":1,"91":1,"92":1,"93":1,"94":1,"95":1,"96":1,"97":1,"98":1,"99":1,"100":1,"101":1,"102":1,"103":1,"104":1,"105":1,"106":1,"107":4,"108":1,"109":1,"110":1,"111":1,"112":4,"113":1,"114":4,"115":2,"116":1,"117":4,"118":2,"119":1,"120":4,"121":2,"122":2,"123":1,"124":4,"125":1,"126":4,"127":1,"128":3,"129":1,"130":3,"131":1,"132":1,"133":1,"134":4,"135":4,"136":4,"137":1,"138":4,"139":1,"140":6,"141":1,"142":1,"143":1,"144":1,"145":1,"146":1,"147":1,"148":1,"149":1,"150":1,"151":1,"152":1,"153":1,"154":1,"155":1,"156":1,"157":1,"158":1,"159":1,"160":1,"161":20,"162":1,"163":1,"164":1,"165":5000,"166":1,"167":1,"168":2,"169":1,"170":4,"171":1,"172":1,"173":1,"174":1,"175":1,"176":1,"177":1,"178":1,"179":1,"180":1,"181":1,"182":1,"183":1,"184":1,"185":1,"186":327,"187":327,"188":327,"189":1,"190":2,"191":1,"192":1,"193":1,"194":1,"195":1,"196":1,"197":1,"198":1,"199":1,"200":1,"201":1,"202":3,"203":1,"204":3,"205":1},"f":{"0":6,"1":1,"2":1,"3":1,"4":1,"5":1,"6":1,"7":3,"8":3,"9":1,"10":1,"11":1,"12":1,"13":1,"14":3,"15":3,"16":3,"17":3,"18":1,"19":1,"20":1,"21":4,"22":4,"23":4,"24":2,"25":4,"26":2,"27":4,"28":2,"29":2,"30":4,"31":4,"32":3,"33":3,"34":4,"35":4,"36":6,"37":20,"38":5000,"39":2,"40":4,"41":1,"42":1,"43":1,"44":1,"45":1,"46":1,"47":1,"48":327,"49":2,"50":1,"51":3,"52":3},"b":{"0":[4,2],"1":[6,6],"2":[3,0],"3":[3,1]},"_coverageSchema":"332fd63041d2c1bcb487cc26dd0d5f7d97098a6c","hash":"10900e31b585f10aaf2b733d2f0932697929f3c9","contentHash":"b365453244fce9d2600bfb64ec3db2e3_10.0.0"},"/home/mousse/Projects/dataframe-js/src/index.js":{"path":"/home/mousse/Projects/dataframe-js/src/index.js","statementMap":{"0":{"start":{"line":3,"column":0},"end":{"line":5,"column":3}},"1":{"start":{"line":6,"column":0},"end":{"line":6,"column":64}},"2":{"start":{"line":8,"column":0},"end":{"line":8,"column":26}},"3":{"start":{"line":10,"column":17},"end":{"line":10,"column":42}},"4":{"start":{"line":12,"column":18},"end":{"line":12,"column":52}},"5":{"start":{"line":14,"column":11},"end":{"line":14,"column":30}},"6":{"start":{"line":16,"column":12},"end":{"line":16,"column":40}},"7":{"start":{"line":18,"column":12},"end":{"line":18,"column":40}},"8":{"start":{"line":20,"column":13},"end":{"line":20,"column":42}},"9":{"start":{"line":22,"column":14},"end":{"line":22,"column":44}},"10":{"start":{"line":24,"column":15},"end":{"line":24,"column":46}},"11":{"start":{"line":26,"column":11},"end":{"line":26,"column":38}},"12":{"start":{"line":28,"column":12},"end":{"line":28,"column":40}},"13":{"start":{"line":30,"column":17},"end":{"line":30,"column":49}},"14":{"start":{"line":32,"column":18},"end":{"line":32,"column":52}},"15":{"start":{"line":34,"column":39},"end":{"line":34,"column":93}},"16":{"start":{"line":36,"column":0},"end":{"line":36,"column":87}},"17":{"start":{"line":37,"column":0},"end":{"line":37,"column":40}},"18":{"start":{"line":39,"column":0},"end":{"line":39,"column":40}},"19":{"start":{"line":40,"column":0},"end":{"line":40,"column":28}},"20":{"start":{"line":41,"column":0},"end":{"line":41,"column":40}}},"fnMap":{"0":{"name":"_interopRequireDefault","decl":{"start":{"line":34,"column":9},"end":{"line":34,"column":31}},"loc":{"start":{"line":34,"column":37},"end":{"line":34,"column":95}}}},"branchMap":{"0":{"loc":{"start":{"line":34,"column":46},"end":{"line":34,"column":92}},"type":"cond-expr","locations":[{"start":{"line":34,"column":70},"end":{"line":34,"column":73}},{"start":{"line":34,"column":76},"end":{"line":34,"column":92}}]},"1":{"loc":{"start":{"line":34,"column":46},"end":{"line":34,"column":67}},"type":"binary-expr","locations":[{"start":{"line":34,"column":46},"end":{"line":34,"column":49}},{"start":{"line":34,"column":53},"end":{"line":34,"column":67}}]}},"s":{"0":1,"1":1,"2":1,"3":1,"4":1,"5":1,"6":1,"7":1,"8":1,"9":1,"10":1,"11":1,"12":1,"13":1,"14":1,"15":6,"16":1,"17":1,"18":1,"19":1,"20":1},"f":{"0":6},"b":{"0":[6,0],"1":[6,6]},"_coverageSchema":"332fd63041d2c1bcb487cc26dd0d5f7d97098a6c","hash":"6a2fc52de6c82179e52bcbec428731a016ac020f","contentHash":"807b602572c26a1d4029f5f349083f70_10.0.0"},"/home/mousse/Projects/dataframe-js/src/dataframe.js":{"path":"/home/mousse/Projects/dataframe-js/src/dataframe.js","statementMap":{"0":{"start":{"line":3,"column":0},"end":{"line":5,"column":3}},"1":{"start":{"line":7,"column":32},"end":{"line":7,"column":99}},"2":{"start":{"line":9,"column":33},"end":{"line":9,"column":82}},"3":{"start":{"line":11,"column":10},"end":{"line":11,"column":52}},"4":{"start":{"line":13,"column":11},"end":{"line":13,"column":38}},"5":{"start":{"line":15,"column":15},"end":{"line":15,"column":54}},"6":{"start":{"line":17,"column":15},"end":{"line":17,"column":47}},"7":{"start":{"line":19,"column":17},"end":{"line":19,"column":64}},"8":{"start":{"line":21,"column":18},"end":{"line":21,"column":52}},"9":{"start":{"line":23,"column":15},"end":{"line":23,"column":62}},"10":{"start":{"line":25,"column":16},"end":{"line":25,"column":48}},"11":{"start":{"line":27,"column":14},"end":{"line":27,"column":60}},"12":{"start":{"line":29,"column":15},"end":{"line":29,"column":46}},"13":{"start":{"line":31,"column":12},"end":{"line":31,"column":56}},"14":{"start":{"line":33,"column":13},"end":{"line":33,"column":42}},"15":{"start":{"line":35,"column":11},"end":{"line":35,"column":47}},"16":{"start":{"line":37,"column":12},"end":{"line":37,"column":40}},"17":{"start":{"line":39,"column":23},"end":{"line":39,"column":70}},"18":{"start":{"line":41,"column":23},"end":{"line":41,"column":63}},"19":{"start":{"line":43,"column":22},"end":{"line":43,"column":78}},"20":{"start":{"line":45,"column":23},"end":{"line":45,"column":62}},"21":{"start":{"line":47,"column":14},"end":{"line":47,"column":60}},"22":{"start":{"line":49,"column":15},"end":{"line":49,"column":46}},"23":{"start":{"line":51,"column":19},"end":{"line":51,"column":55}},"24":{"start":{"line":53,"column":20},"end":{"line":53,"column":56}},"25":{"start":{"line":55,"column":20},"end":{"line":55,"column":65}},"26":{"start":{"line":57,"column":20},"end":{"line":57,"column":57}},"27":{"start":{"line":59,"column":17},"end":{"line":59,"column":65}},"28":{"start":{"line":61,"column":17},"end":{"line":61,"column":51}},"29":{"start":{"line":63,"column":14},"end":{"line":63,"column":60}},"30":{"start":{"line":65,"column":15},"end":{"line":65,"column":46}},"31":{"start":{"line":67,"column":26},"end":{"line":67,"column":76}},"32":{"start":{"line":69,"column":26},"end":{"line":69,"column":69}},"33":{"start":{"line":71,"column":22},"end":{"line":71,"column":68}},"34":{"start":{"line":73,"column":22},"end":{"line":73,"column":61}},"35":{"start":{"line":75,"column":15},"end":{"line":75,"column":55}},"36":{"start":{"line":77,"column":16},"end":{"line":77,"column":48}},"37":{"start":{"line":79,"column":23},"end":{"line":79,"column":70}},"38":{"start":{"line":81,"column":23},"end":{"line":81,"column":63}},"39":{"start":{"line":83,"column":20},"end":{"line":83,"column":64}},"40":{"start":{"line":85,"column":20},"end":{"line":85,"column":57}},"41":{"start":{"line":87,"column":14},"end":{"line":87,"column":53}},"42":{"start":{"line":89,"column":15},"end":{"line":89,"column":46}},"43":{"start":{"line":93,"column":30},"end":{"line":93,"column":65}},"44":{"start":{"line":95,"column":17},"end":{"line":95,"column":38}},"45":{"start":{"line":97,"column":13},"end":{"line":97,"column":30}},"46":{"start":{"line":99,"column":17},"end":{"line":99,"column":42}},"47":{"start":{"line":101,"column":14},"end":{"line":101,"column":36}},"48":{"start":{"line":103,"column":11},"end":{"line":103,"column":30}},"49":{"start":{"line":105,"column":12},"end":{"line":105,"column":40}},"50":{"start":{"line":107,"column":24},"end":{"line":107,"column":56}},"51":{"start":{"line":109,"column":25},"end":{"line":109,"column":66}},"52":{"start":{"line":111,"column":39},"end":{"line":111,"column":93}},"53":{"start":{"line":114,"column":15},"end":{"line":114,"column":17}},"54":{"start":{"line":115,"column":4},"end":{"line":117,"column":7}},"55":{"start":{"line":116,"column":8},"end":{"line":116,"column":36}},"56":{"start":{"line":118,"column":4},"end":{"line":118,"column":40}},"57":{"start":{"line":119,"column":4},"end":{"line":119,"column":44}},"58":{"start":{"line":121,"column":4},"end":{"line":123,"column":5}},"59":{"start":{"line":122,"column":8},"end":{"line":122,"column":29}},"60":{"start":{"line":125,"column":4},"end":{"line":127,"column":13}},"61":{"start":{"line":126,"column":8},"end":{"line":126,"column":57}},"62":{"start":{"line":129,"column":4},"end":{"line":132,"column":5}},"63":{"start":{"line":130,"column":8},"end":{"line":130,"column":80}},"64":{"start":{"line":131,"column":8},"end":{"line":131,"column":37}},"65":{"start":{"line":134,"column":4},"end":{"line":137,"column":5}},"66":{"start":{"line":135,"column":8},"end":{"line":135,"column":62}},"67":{"start":{"line":136,"column":8},"end":{"line":136,"column":20}},"68":{"start":{"line":139,"column":4},"end":{"line":139,"column":16}},"69":{"start":{"line":142,"column":18},"end":{"line":142,"column":50}},"70":{"start":{"line":143,"column":15},"end":{"line":143,"column":44}},"71":{"start":{"line":148,"column":17},"end":{"line":1343,"column":686}},"72":{"start":{"line":149,"column":4},"end":{"line":271,"column":8}},"73":{"start":{"line":160,"column":12},"end":{"line":162,"column":13}},"74":{"start":{"line":161,"column":16},"end":{"line":161,"column":55}},"75":{"start":{"line":164,"column":12},"end":{"line":164,"column":54}},"76":{"start":{"line":183,"column":22},"end":{"line":183,"column":94}},"77":{"start":{"line":184,"column":25},"end":{"line":184,"column":98}},"78":{"start":{"line":186,"column":25},"end":{"line":186,"column":51}},"79":{"start":{"line":187,"column":12},"end":{"line":193,"column":15}},"80":{"start":{"line":188,"column":32},"end":{"line":191,"column":17}},"81":{"start":{"line":189,"column":31},"end":{"line":189,"column":81}},"82":{"start":{"line":190,"column":20},"end":{"line":190,"column":63}},"83":{"start":{"line":192,"column":16},"end":{"line":192,"column":187}},"84":{"start":{"line":211,"column":25},"end":{"line":211,"column":98}},"85":{"start":{"line":213,"column":12},"end":{"line":219,"column":15}},"86":{"start":{"line":214,"column":31},"end":{"line":217,"column":17}},"87":{"start":{"line":215,"column":31},"end":{"line":215,"column":97}},"88":{"start":{"line":216,"column":20},"end":{"line":216,"column":63}},"89":{"start":{"line":218,"column":16},"end":{"line":218,"column":185}},"90":{"start":{"line":235,"column":12},"end":{"line":242,"column":15}},"91":{"start":{"line":236,"column":32},"end":{"line":238,"column":17}},"92":{"start":{"line":237,"column":20},"end":{"line":237,"column":56}},"93":{"start":{"line":239,"column":16},"end":{"line":241,"column":19}},"94":{"start":{"line":240,"column":20},"end":{"line":240,"column":54}},"95":{"start":{"line":274,"column":8},"end":{"line":274,"column":55}},"96":{"start":{"line":276,"column":22},"end":{"line":276,"column":48}},"97":{"start":{"line":278,"column":22},"end":{"line":278,"column":62}},"98":{"start":{"line":280,"column":8},"end":{"line":280,"column":36}},"99":{"start":{"line":281,"column":8},"end":{"line":281,"column":39}},"100":{"start":{"line":283,"column":34},"end":{"line":285,"column":15}},"101":{"start":{"line":284,"column":12},"end":{"line":284,"column":38}},"102":{"start":{"line":287,"column":8},"end":{"line":289,"column":9}},"103":{"start":{"line":288,"column":12},"end":{"line":288,"column":50}},"104":{"start":{"line":291,"column":8},"end":{"line":293,"column":13}},"105":{"start":{"line":292,"column":12},"end":{"line":292,"column":62}},"106":{"start":{"line":294,"column":8},"end":{"line":294,"column":131}},"107":{"start":{"line":297,"column":4},"end":{"line":1341,"column":8}},"108":{"start":{"line":302,"column":12},"end":{"line":366,"column":62}},"109":{"start":{"line":303,"column":16},"end":{"line":365,"column":17}},"110":{"start":{"line":304,"column":20},"end":{"line":364,"column":21}},"111":{"start":{"line":306,"column":28},"end":{"line":306,"column":61}},"112":{"start":{"line":307,"column":28},"end":{"line":307,"column":54}},"113":{"start":{"line":308,"column":28},"end":{"line":308,"column":55}},"114":{"start":{"line":309,"column":28},"end":{"line":309,"column":46}},"115":{"start":{"line":310,"column":28},"end":{"line":310,"column":83}},"116":{"start":{"line":313,"column":28},"end":{"line":316,"column":29}},"117":{"start":{"line":314,"column":32},"end":{"line":314,"column":51}},"118":{"start":{"line":315,"column":32},"end":{"line":315,"column":38}},"119":{"start":{"line":318,"column":28},"end":{"line":318,"column":46}},"120":{"start":{"line":319,"column":28},"end":{"line":319,"column":46}},"121":{"start":{"line":320,"column":28},"end":{"line":320,"column":39}},"122":{"start":{"line":323,"column":28},"end":{"line":323,"column":61}},"123":{"start":{"line":324,"column":28},"end":{"line":324,"column":46}},"124":{"start":{"line":325,"column":28},"end":{"line":325,"column":34}},"125":{"start":{"line":328,"column":28},"end":{"line":328,"column":47}},"126":{"start":{"line":329,"column":28},"end":{"line":329,"column":34}},"127":{"start":{"line":332,"column":28},"end":{"line":332,"column":47}},"128":{"start":{"line":333,"column":28},"end":{"line":333,"column":63}},"129":{"start":{"line":334,"column":28},"end":{"line":334,"column":53}},"130":{"start":{"line":335,"column":28},"end":{"line":335,"column":57}},"131":{"start":{"line":338,"column":28},"end":{"line":338,"column":47}},"132":{"start":{"line":339,"column":28},"end":{"line":339,"column":47}},"133":{"start":{"line":341,"column":28},"end":{"line":343,"column":29}},"134":{"start":{"line":342,"column":32},"end":{"line":342,"column":51}},"135":{"start":{"line":346,"column":28},"end":{"line":346,"column":47}},"136":{"start":{"line":348,"column":28},"end":{"line":351,"column":29}},"137":{"start":{"line":349,"column":32},"end":{"line":349,"column":51}},"138":{"start":{"line":350,"column":32},"end":{"line":350,"column":38}},"139":{"start":{"line":353,"column":28},"end":{"line":353,"column":49}},"140":{"start":{"line":356,"column":28},"end":{"line":356,"column":55}},"141":{"start":{"line":359,"column":28},"end":{"line":359,"column":55}},"142":{"start":{"line":363,"column":28},"end":{"line":363,"column":51}},"143":{"start":{"line":373,"column":12},"end":{"line":375,"column":13}},"144":{"start":{"line":374,"column":16},"end":{"line":374,"column":152}},"145":{"start":{"line":376,"column":30},"end":{"line":376,"column":382}},"146":{"start":{"line":377,"column":12},"end":{"line":377,"column":162}},"147":{"start":{"line":382,"column":24},"end":{"line":382,"column":28}},"148":{"start":{"line":384,"column":21},"end":{"line":384,"column":99}},"149":{"start":{"line":386,"column":12},"end":{"line":389,"column":15}},"150":{"start":{"line":387,"column":37},"end":{"line":387,"column":64}},"151":{"start":{"line":388,"column":16},"end":{"line":388,"column":94}},"152":{"start":{"line":394,"column":25},"end":{"line":394,"column":29}},"153":{"start":{"line":396,"column":12},"end":{"line":412,"column":16}},"154":{"start":{"line":397,"column":16},"end":{"line":397,"column":50}},"155":{"start":{"line":399,"column":16},"end":{"line":399,"column":141}},"156":{"start":{"line":401,"column":16},"end":{"line":401,"column":46}},"157":{"start":{"line":403,"column":16},"end":{"line":407,"column":23}},"158":{"start":{"line":404,"column":20},"end":{"line":404,"column":52}},"159":{"start":{"line":406,"column":20},"end":{"line":406,"column":111}},"160":{"start":{"line":409,"column":16},"end":{"line":409,"column":47}},"161":{"start":{"line":411,"column":16},"end":{"line":411,"column":93}},"162":{"start":{"line":417,"column":12},"end":{"line":419,"column":25}},"163":{"start":{"line":418,"column":16},"end":{"line":418,"column":55}},"164":{"start":{"line":424,"column":12},"end":{"line":426,"column":25}},"165":{"start":{"line":425,"column":16},"end":{"line":425,"column":55}},"166":{"start":{"line":431,"column":25},"end":{"line":431,"column":29}},"167":{"start":{"line":433,"column":28},"end":{"line":433,"column":44}},"168":{"start":{"line":434,"column":12},"end":{"line":460,"column":15}},"169":{"start":{"line":435,"column":28},"end":{"line":435,"column":39}},"170":{"start":{"line":436,"column":27},"end":{"line":436,"column":37}},"171":{"start":{"line":438,"column":34},"end":{"line":438,"column":58}},"172":{"start":{"line":439,"column":36},"end":{"line":439,"column":41}},"173":{"start":{"line":440,"column":16},"end":{"line":452,"column":17}},"174":{"start":{"line":441,"column":20},"end":{"line":451,"column":25}},"175":{"start":{"line":442,"column":45},"end":{"line":442,"column":80}},"176":{"start":{"line":443,"column":44},"end":{"line":449,"column":30}},"177":{"start":{"line":444,"column":28},"end":{"line":446,"column":31}},"178":{"start":{"line":445,"column":32},"end":{"line":445,"column":76}},"179":{"start":{"line":448,"column":28},"end":{"line":448,"column":119}},"180":{"start":{"line":450,"column":24},"end":{"line":450,"column":90}},"181":{"start":{"line":453,"column":38},"end":{"line":455,"column":17}},"182":{"start":{"line":454,"column":20},"end":{"line":454,"column":56}},"183":{"start":{"line":456,"column":16},"end":{"line":456,"column":58}},"184":{"start":{"line":456,"column":37},"end":{"line":456,"column":58}},"185":{"start":{"line":457,"column":16},"end":{"line":457,"column":101}},"186":{"start":{"line":459,"column":16},"end":{"line":459,"column":29}},"187":{"start":{"line":465,"column":29},"end":{"line":465,"column":214}},"188":{"start":{"line":466,"column":26},"end":{"line":466,"column":82}},"189":{"start":{"line":467,"column":22},"end":{"line":467,"column":89}},"190":{"start":{"line":468,"column":28},"end":{"line":468,"column":103}},"191":{"start":{"line":469,"column":12},"end":{"line":473,"column":15}},"192":{"start":{"line":470,"column":16},"end":{"line":470,"column":53}},"193":{"start":{"line":472,"column":16},"end":{"line":472,"column":34}},"194":{"start":{"line":478,"column":12},"end":{"line":478,"column":48}},"195":{"start":{"line":491,"column":25},"end":{"line":491,"column":29}},"196":{"start":{"line":493,"column":12},"end":{"line":499,"column":18}},"197":{"start":{"line":494,"column":28},"end":{"line":494,"column":66}},"198":{"start":{"line":496,"column":28},"end":{"line":496,"column":36}},"199":{"start":{"line":497,"column":29},"end":{"line":497,"column":37}},"200":{"start":{"line":498,"column":16},"end":{"line":498,"column":93}},"201":{"start":{"line":513,"column":12},"end":{"line":517,"column":15}},"202":{"start":{"line":514,"column":16},"end":{"line":514,"column":43}},"203":{"start":{"line":516,"column":16},"end":{"line":516,"column":37}},"204":{"start":{"line":531,"column":12},"end":{"line":533,"column":15}},"205":{"start":{"line":532,"column":16},"end":{"line":532,"column":36}},"206":{"start":{"line":553,"column":22},"end":{"line":553,"column":94}},"207":{"start":{"line":554,"column":25},"end":{"line":554,"column":98}},"208":{"start":{"line":555,"column":23},"end":{"line":555,"column":101}},"209":{"start":{"line":557,"column":29},"end":{"line":559,"column":57}},"210":{"start":{"line":558,"column":16},"end":{"line":558,"column":72}},"211":{"start":{"line":560,"column":12},"end":{"line":562,"column":13}},"212":{"start":{"line":561,"column":16},"end":{"line":561,"column":80}},"213":{"start":{"line":563,"column":12},"end":{"line":563,"column":30}},"214":{"start":{"line":581,"column":25},"end":{"line":581,"column":98}},"215":{"start":{"line":582,"column":23},"end":{"line":582,"column":101}},"216":{"start":{"line":584,"column":12},"end":{"line":584,"column":50}},"217":{"start":{"line":601,"column":31},"end":{"line":601,"column":105}},"218":{"start":{"line":602,"column":23},"end":{"line":602,"column":101}},"219":{"start":{"line":604,"column":30},"end":{"line":604,"column":106}},"220":{"start":{"line":605,"column":12},"end":{"line":607,"column":13}},"221":{"start":{"line":606,"column":16},"end":{"line":606,"column":81}},"222":{"start":{"line":608,"column":12},"end":{"line":608,"column":31}},"223":{"start":{"line":625,"column":23},"end":{"line":625,"column":94}},"224":{"start":{"line":626,"column":24},"end":{"line":626,"column":98}},"225":{"start":{"line":628,"column":26},"end":{"line":633,"column":13}},"226":{"start":{"line":629,"column":16},"end":{"line":632,"column":38}},"227":{"start":{"line":630,"column":41},"end":{"line":630,"column":55}},"228":{"start":{"line":631,"column":20},"end":{"line":631,"column":157}},"229":{"start":{"line":634,"column":25},"end":{"line":634,"column":51}},"230":{"start":{"line":635,"column":24},"end":{"line":635,"column":25}},"231":{"start":{"line":636,"column":25},"end":{"line":640,"column":27}},"232":{"start":{"line":637,"column":16},"end":{"line":637,"column":24}},"233":{"start":{"line":637,"column":24},"end":{"line":637,"column":54}},"234":{"start":{"line":639,"column":16},"end":{"line":639,"column":37}},"235":{"start":{"line":641,"column":12},"end":{"line":643,"column":13}},"236":{"start":{"line":642,"column":16},"end":{"line":642,"column":36}},"237":{"start":{"line":644,"column":12},"end":{"line":644,"column":26}},"238":{"start":{"line":657,"column":12},"end":{"line":657,"column":60}},"239":{"start":{"line":671,"column":29},"end":{"line":671,"column":230}},"240":{"start":{"line":672,"column":33},"end":{"line":672,"column":129}},"241":{"start":{"line":673,"column":12},"end":{"line":673,"column":102}},"242":{"start":{"line":686,"column":12},"end":{"line":686,"column":41}},"243":{"start":{"line":702,"column":29},"end":{"line":702,"column":118}},"244":{"start":{"line":704,"column":12},"end":{"line":706,"column":23}},"245":{"start":{"line":705,"column":16},"end":{"line":705,"column":60}},"246":{"start":{"line":720,"column":12},"end":{"line":722,"column":13}},"247":{"start":{"line":721,"column":16},"end":{"line":721,"column":47}},"248":{"start":{"line":724,"column":12},"end":{"line":724,"column":70}},"249":{"start":{"line":740,"column":25},"end":{"line":740,"column":29}},"250":{"start":{"line":742,"column":26},"end":{"line":742,"column":62}},"251":{"start":{"line":743,"column":12},"end":{"line":747,"column":15}},"252":{"start":{"line":744,"column":16},"end":{"line":746,"column":24}},"253":{"start":{"line":745,"column":20},"end":{"line":745,"column":74}},"254":{"start":{"line":761,"column":12},"end":{"line":761,"column":191}},"255":{"start":{"line":776,"column":12},"end":{"line":776,"column":45}},"256":{"start":{"line":789,"column":12},"end":{"line":789,"column":82}},"257":{"start":{"line":803,"column":12},"end":{"line":805,"column":13}},"258":{"start":{"line":804,"column":16},"end":{"line":804,"column":54}},"259":{"start":{"line":807,"column":12},"end":{"line":809,"column":29}},"260":{"start":{"line":808,"column":16},"end":{"line":808,"column":58}},"261":{"start":{"line":825,"column":23},"end":{"line":827,"column":28}},"262":{"start":{"line":826,"column":16},"end":{"line":826,"column":33}},"263":{"start":{"line":829,"column":12},"end":{"line":831,"column":155}},"264":{"start":{"line":830,"column":16},"end":{"line":830,"column":61}},"265":{"start":{"line":847,"column":12},"end":{"line":847,"column":72}},"266":{"start":{"line":861,"column":12},"end":{"line":863,"column":13}},"267":{"start":{"line":862,"column":16},"end":{"line":862,"column":86}},"268":{"start":{"line":864,"column":12},"end":{"line":864,"column":72}},"269":{"start":{"line":879,"column":33},"end":{"line":881,"column":14}},"270":{"start":{"line":880,"column":16},"end":{"line":880,"column":68}},"271":{"start":{"line":882,"column":12},"end":{"line":882,"column":50}},"272":{"start":{"line":896,"column":25},"end":{"line":896,"column":29}},"273":{"start":{"line":898,"column":12},"end":{"line":900,"column":13}},"274":{"start":{"line":899,"column":16},"end":{"line":899,"column":85}},"275":{"start":{"line":901,"column":12},"end":{"line":905,"column":15}},"276":{"start":{"line":902,"column":16},"end":{"line":904,"column":41}},"277":{"start":{"line":903,"column":20},"end":{"line":903,"column":56}},"278":{"start":{"line":921,"column":12},"end":{"line":923,"column":15}},"279":{"start":{"line":922,"column":16},"end":{"line":922,"column":57}},"280":{"start":{"line":937,"column":12},"end":{"line":941,"column":16}},"281":{"start":{"line":938,"column":16},"end":{"line":938,"column":46}},"282":{"start":{"line":940,"column":16},"end":{"line":940,"column":45}},"283":{"start":{"line":961,"column":12},"end":{"line":963,"column":13}},"284":{"start":{"line":962,"column":16},"end":{"line":962,"column":48}},"285":{"start":{"line":965,"column":12},"end":{"line":965,"column":171}},"286":{"start":{"line":980,"column":23},"end":{"line":990,"column":25}},"287":{"start":{"line":981,"column":16},"end":{"line":989,"column":19}},"288":{"start":{"line":982,"column":32},"end":{"line":982,"column":70}},"289":{"start":{"line":984,"column":33},"end":{"line":984,"column":41}},"290":{"start":{"line":985,"column":32},"end":{"line":985,"column":40}},"291":{"start":{"line":986,"column":20},"end":{"line":986,"column":69}},"292":{"start":{"line":988,"column":20},"end":{"line":988,"column":34}},"293":{"start":{"line":991,"column":31},"end":{"line":993,"column":16}},"294":{"start":{"line":992,"column":16},"end":{"line":992,"column":47}},"295":{"start":{"line":994,"column":12},"end":{"line":994,"column":130}},"296":{"start":{"line":1010,"column":12},"end":{"line":1010,"column":42}},"297":{"start":{"line":1025,"column":12},"end":{"line":1025,"column":55}},"298":{"start":{"line":1039,"column":12},"end":{"line":1041,"column":37}},"299":{"start":{"line":1040,"column":16},"end":{"line":1040,"column":33}},"300":{"start":{"line":1060,"column":12},"end":{"line":1064,"column":21}},"301":{"start":{"line":1061,"column":16},"end":{"line":1061,"column":34}},"302":{"start":{"line":1063,"column":16},"end":{"line":1063,"column":34}},"303":{"start":{"line":1079,"column":12},"end":{"line":1083,"column":21}},"304":{"start":{"line":1080,"column":16},"end":{"line":1080,"column":34}},"305":{"start":{"line":1082,"column":16},"end":{"line":1082,"column":34}},"306":{"start":{"line":1096,"column":12},"end":{"line":1096,"column":143}},"307":{"start":{"line":1109,"column":12},"end":{"line":1112,"column":35}},"308":{"start":{"line":1110,"column":28},"end":{"line":1110,"column":74}},"309":{"start":{"line":1111,"column":16},"end":{"line":1111,"column":183}},"310":{"start":{"line":1126,"column":24},"end":{"line":1126,"column":49}},"311":{"start":{"line":1127,"column":24},"end":{"line":1127,"column":25}},"312":{"start":{"line":1128,"column":12},"end":{"line":1133,"column":37}},"313":{"start":{"line":1129,"column":16},"end":{"line":1129,"column":24}},"314":{"start":{"line":1130,"column":16},"end":{"line":1130,"column":27}},"315":{"start":{"line":1132,"column":16},"end":{"line":1132,"column":38}},"316":{"start":{"line":1147,"column":24},"end":{"line":1147,"column":49}},"317":{"start":{"line":1148,"column":24},"end":{"line":1148,"column":25}},"318":{"start":{"line":1149,"column":27},"end":{"line":1149,"column":29}},"319":{"start":{"line":1150,"column":12},"end":{"line":1156,"column":89}},"320":{"start":{"line":1151,"column":16},"end":{"line":1154,"column":17}},"321":{"start":{"line":1152,"column":20},"end":{"line":1152,"column":28}},"322":{"start":{"line":1153,"column":20},"end":{"line":1153,"column":31}},"323":{"start":{"line":1155,"column":16},"end":{"line":1155,"column":35}},"324":{"start":{"line":1174,"column":12},"end":{"line":1176,"column":13}},"325":{"start":{"line":1175,"column":16},"end":{"line":1175,"column":54}},"326":{"start":{"line":1178,"column":12},"end":{"line":1178,"column":121}},"327":{"start":{"line":1193,"column":26},"end":{"line":1193,"column":100}},"328":{"start":{"line":1195,"column":29},"end":{"line":1203,"column":14}},"329":{"start":{"line":1196,"column":29},"end":{"line":1196,"column":46}},"330":{"start":{"line":1197,"column":29},"end":{"line":1197,"column":46}},"331":{"start":{"line":1199,"column":16},"end":{"line":1201,"column":17}},"332":{"start":{"line":1200,"column":20},"end":{"line":1200,"column":55}},"333":{"start":{"line":1202,"column":16},"end":{"line":1202,"column":72}},"334":{"start":{"line":1204,"column":12},"end":{"line":1204,"column":71}},"335":{"start":{"line":1218,"column":12},"end":{"line":1220,"column":13}},"336":{"start":{"line":1219,"column":16},"end":{"line":1219,"column":94}},"337":{"start":{"line":1221,"column":12},"end":{"line":1221,"column":186}},"338":{"start":{"line":1237,"column":25},"end":{"line":1237,"column":29}},"339":{"start":{"line":1239,"column":22},"end":{"line":1239,"column":98}},"340":{"start":{"line":1241,"column":30},"end":{"line":1257,"column":13}},"341":{"start":{"line":1243,"column":20},"end":{"line":1243,"column":67}},"342":{"start":{"line":1246,"column":20},"end":{"line":1246,"column":66}},"343":{"start":{"line":1249,"column":20},"end":{"line":1249,"column":67}},"344":{"start":{"line":1252,"column":20},"end":{"line":1252,"column":66}},"345":{"start":{"line":1255,"column":20},"end":{"line":1255,"column":67}},"346":{"start":{"line":1258,"column":12},"end":{"line":1258,"column":38}},"347":{"start":{"line":1275,"column":12},"end":{"line":1275,"column":61}},"348":{"start":{"line":1291,"column":12},"end":{"line":1291,"column":71}},"349":{"start":{"line":1307,"column":12},"end":{"line":1307,"column":69}},"350":{"start":{"line":1323,"column":12},"end":{"line":1323,"column":69}},"351":{"start":{"line":1339,"column":12},"end":{"line":1339,"column":69}},"352":{"start":{"line":1342,"column":4},"end":{"line":1342,"column":21}},"353":{"start":{"line":1344,"column":0},"end":{"line":1344,"column":28}}},"fnMap":{"0":{"name":"_interopRequireDefault","decl":{"start":{"line":111,"column":9},"end":{"line":111,"column":31}},"loc":{"start":{"line":111,"column":37},"end":{"line":111,"column":95}}},"1":{"name":"_applyDecoratedDescriptor","decl":{"start":{"line":113,"column":9},"end":{"line":113,"column":34}},"loc":{"start":{"line":113,"column":86},"end":{"line":140,"column":1}}},"2":{"name":"(anonymous_2)","decl":{"start":{"line":115,"column":44},"end":{"line":115,"column":45}},"loc":{"start":{"line":115,"column":59},"end":{"line":117,"column":5}}},"3":{"name":"(anonymous_3)","decl":{"start":{"line":125,"column":47},"end":{"line":125,"column":48}},"loc":{"start":{"line":125,"column":74},"end":{"line":127,"column":5}}},"4":{"name":"(anonymous_4)","decl":{"start":{"line":148,"column":405},"end":{"line":148,"column":406}},"loc":{"start":{"line":148,"column":417},"end":{"line":1343,"column":1}}},"5":{"name":"setDefaultModules","decl":{"start":{"line":159,"column":24},"end":{"line":159,"column":41}},"loc":{"start":{"line":159,"column":44},"end":{"line":165,"column":9}}},"6":{"name":"fromText","decl":{"start":{"line":182,"column":24},"end":{"line":182,"column":32}},"loc":{"start":{"line":182,"column":45},"end":{"line":194,"column":9}}},"7":{"name":"(anonymous_7)","decl":{"start":{"line":187,"column":41},"end":{"line":187,"column":42}},"loc":{"start":{"line":187,"column":60},"end":{"line":193,"column":13}}},"8":{"name":"parseText","decl":{"start":{"line":188,"column":41},"end":{"line":188,"column":50}},"loc":{"start":{"line":188,"column":56},"end":{"line":191,"column":17}}},"9":{"name":"fromCSV","decl":{"start":{"line":210,"column":24},"end":{"line":210,"column":31}},"loc":{"start":{"line":210,"column":44},"end":{"line":220,"column":9}}},"10":{"name":"(anonymous_10)","decl":{"start":{"line":213,"column":41},"end":{"line":213,"column":42}},"loc":{"start":{"line":213,"column":60},"end":{"line":219,"column":13}}},"11":{"name":"parseCSV","decl":{"start":{"line":214,"column":40},"end":{"line":214,"column":48}},"loc":{"start":{"line":214,"column":54},"end":{"line":217,"column":17}}},"12":{"name":"fromJSON","decl":{"start":{"line":234,"column":24},"end":{"line":234,"column":32}},"loc":{"start":{"line":234,"column":45},"end":{"line":243,"column":9}}},"13":{"name":"(anonymous_13)","decl":{"start":{"line":235,"column":41},"end":{"line":235,"column":42}},"loc":{"start":{"line":235,"column":60},"end":{"line":242,"column":13}}},"14":{"name":"parseJSON","decl":{"start":{"line":236,"column":41},"end":{"line":236,"column":50}},"loc":{"start":{"line":236,"column":57},"end":{"line":238,"column":17}}},"15":{"name":"(anonymous_15)","decl":{"start":{"line":239,"column":176},"end":{"line":239,"column":177}},"loc":{"start":{"line":239,"column":191},"end":{"line":241,"column":17}}},"16":{"name":"DataFrame","decl":{"start":{"line":273,"column":13},"end":{"line":273,"column":22}},"loc":{"start":{"line":273,"column":38},"end":{"line":295,"column":5}}},"17":{"name":"(anonymous_17)","decl":{"start":{"line":283,"column":90},"end":{"line":283,"column":91}},"loc":{"start":{"line":283,"column":115},"end":{"line":285,"column":9}}},"18":{"name":"(anonymous_18)","decl":{"start":{"line":291,"column":173},"end":{"line":291,"column":174}},"loc":{"start":{"line":291,"column":191},"end":{"line":293,"column":9}}},"19":{"name":"value","decl":{"start":{"line":299,"column":51},"end":{"line":299,"column":56}},"loc":{"start":{"line":299,"column":59},"end":{"line":367,"column":9}}},"20":{"name":"value$","decl":{"start":{"line":302,"column":55},"end":{"line":302,"column":61}},"loc":{"start":{"line":302,"column":72},"end":{"line":366,"column":13}}},"21":{"name":"__newInstance__","decl":{"start":{"line":370,"column":24},"end":{"line":370,"column":39}},"loc":{"start":{"line":370,"column":55},"end":{"line":378,"column":9}}},"22":{"name":"__instanciateModules__","decl":{"start":{"line":381,"column":24},"end":{"line":381,"column":46}},"loc":{"start":{"line":381,"column":56},"end":{"line":390,"column":9}}},"23":{"name":"(anonymous_23)","decl":{"start":{"line":386,"column":31},"end":{"line":386,"column":32}},"loc":{"start":{"line":386,"column":49},"end":{"line":389,"column":13}}},"24":{"name":"_build","decl":{"start":{"line":393,"column":24},"end":{"line":393,"column":30}},"loc":{"start":{"line":393,"column":46},"end":{"line":413,"column":9}}},"25":{"name":"(anonymous_25)","decl":{"start":{"line":396,"column":48},"end":{"line":396,"column":49}},"loc":{"start":{"line":396,"column":65},"end":{"line":398,"column":13}}},"26":{"name":"(anonymous_26)","decl":{"start":{"line":398,"column":15},"end":{"line":398,"column":16}},"loc":{"start":{"line":398,"column":27},"end":{"line":400,"column":13}}},"27":{"name":"(anonymous_27)","decl":{"start":{"line":400,"column":17},"end":{"line":400,"column":18}},"loc":{"start":{"line":400,"column":34},"end":{"line":402,"column":13}}},"28":{"name":"(anonymous_28)","decl":{"start":{"line":402,"column":15},"end":{"line":402,"column":16}},"loc":{"start":{"line":402,"column":27},"end":{"line":408,"column":13}}},"29":{"name":"(anonymous_29)","decl":{"start":{"line":403,"column":137},"end":{"line":403,"column":138}},"loc":{"start":{"line":403,"column":152},"end":{"line":405,"column":17}}},"30":{"name":"(anonymous_30)","decl":{"start":{"line":405,"column":26},"end":{"line":405,"column":27}},"loc":{"start":{"line":405,"column":42},"end":{"line":407,"column":17}}},"31":{"name":"(anonymous_31)","decl":{"start":{"line":408,"column":17},"end":{"line":408,"column":18}},"loc":{"start":{"line":408,"column":34},"end":{"line":410,"column":13}}},"32":{"name":"(anonymous_32)","decl":{"start":{"line":410,"column":15},"end":{"line":410,"column":16}},"loc":{"start":{"line":410,"column":27},"end":{"line":412,"column":13}}},"33":{"name":"_fromDict","decl":{"start":{"line":416,"column":24},"end":{"line":416,"column":33}},"loc":{"start":{"line":416,"column":49},"end":{"line":420,"column":9}}},"34":{"name":"(anonymous_34)","decl":{"start":{"line":417,"column":79},"end":{"line":417,"column":80}},"loc":{"start":{"line":417,"column":94},"end":{"line":419,"column":13}}},"35":{"name":"_fromArray","decl":{"start":{"line":423,"column":24},"end":{"line":423,"column":34}},"loc":{"start":{"line":423,"column":51},"end":{"line":427,"column":9}}},"36":{"name":"(anonymous_36)","decl":{"start":{"line":424,"column":30},"end":{"line":424,"column":31}},"loc":{"start":{"line":424,"column":45},"end":{"line":426,"column":13}}},"37":{"name":"_joinByType","decl":{"start":{"line":430,"column":24},"end":{"line":430,"column":35}},"loc":{"start":{"line":430,"column":66},"end":{"line":461,"column":9}}},"38":{"name":"(anonymous_38)","decl":{"start":{"line":434,"column":43},"end":{"line":434,"column":44}},"loc":{"start":{"line":434,"column":60},"end":{"line":458,"column":13}}},"39":{"name":"(anonymous_39)","decl":{"start":{"line":441,"column":21},"end":{"line":441,"column":22}},"loc":{"start":{"line":441,"column":33},"end":{"line":451,"column":21}}},"40":{"name":"(anonymous_40)","decl":{"start":{"line":443,"column":69},"end":{"line":443,"column":70}},"loc":{"start":{"line":443,"column":84},"end":{"line":447,"column":25}}},"41":{"name":"(anonymous_41)","decl":{"start":{"line":444,"column":54},"end":{"line":444,"column":55}},"loc":{"start":{"line":444,"column":70},"end":{"line":446,"column":29}}},"42":{"name":"(anonymous_42)","decl":{"start":{"line":447,"column":34},"end":{"line":447,"column":35}},"loc":{"start":{"line":447,"column":50},"end":{"line":449,"column":25}}},"43":{"name":"filterCondition","decl":{"start":{"line":453,"column":47},"end":{"line":453,"column":62}},"loc":{"start":{"line":453,"column":69},"end":{"line":455,"column":17}}},"44":{"name":"(anonymous_44)","decl":{"start":{"line":458,"column":22},"end":{"line":458,"column":23}},"loc":{"start":{"line":458,"column":39},"end":{"line":460,"column":13}}},"45":{"name":"_join","decl":{"start":{"line":464,"column":24},"end":{"line":464,"column":29}},"loc":{"start":{"line":464,"column":60},"end":{"line":474,"column":9}}},"46":{"name":"(anonymous_46)","decl":{"start":{"line":469,"column":342},"end":{"line":469,"column":343}},"loc":{"start":{"line":469,"column":359},"end":{"line":471,"column":13}}},"47":{"name":"(anonymous_47)","decl":{"start":{"line":471,"column":24},"end":{"line":471,"column":25}},"loc":{"start":{"line":471,"column":40},"end":{"line":473,"column":13}}},"48":{"name":"_cleanSavePath","decl":{"start":{"line":477,"column":24},"end":{"line":477,"column":38}},"loc":{"start":{"line":477,"column":45},"end":{"line":479,"column":9}}},"49":{"name":"toDict","decl":{"start":{"line":490,"column":24},"end":{"line":490,"column":30}},"loc":{"start":{"line":490,"column":33},"end":{"line":500,"column":9}}},"50":{"name":"(anonymous_50)","decl":{"start":{"line":493,"column":150},"end":{"line":493,"column":151}},"loc":{"start":{"line":493,"column":167},"end":{"line":499,"column":13}}},"51":{"name":"toArray","decl":{"start":{"line":512,"column":24},"end":{"line":512,"column":31}},"loc":{"start":{"line":512,"column":44},"end":{"line":518,"column":9}}},"52":{"name":"(anonymous_52)","decl":{"start":{"line":513,"column":86},"end":{"line":513,"column":87}},"loc":{"start":{"line":513,"column":101},"end":{"line":515,"column":13}}},"53":{"name":"(anonymous_53)","decl":{"start":{"line":515,"column":71},"end":{"line":515,"column":72}},"loc":{"start":{"line":515,"column":86},"end":{"line":517,"column":13}}},"54":{"name":"toCollection","decl":{"start":{"line":530,"column":24},"end":{"line":530,"column":36}},"loc":{"start":{"line":530,"column":45},"end":{"line":534,"column":9}}},"55":{"name":"(anonymous_55)","decl":{"start":{"line":531,"column":134},"end":{"line":531,"column":135}},"loc":{"start":{"line":531,"column":149},"end":{"line":533,"column":13}}},"56":{"name":"toText","decl":{"start":{"line":552,"column":24},"end":{"line":552,"column":30}},"loc":{"start":{"line":552,"column":33},"end":{"line":564,"column":9}}},"57":{"name":"(anonymous_57)","decl":{"start":{"line":557,"column":41},"end":{"line":557,"column":42}},"loc":{"start":{"line":557,"column":57},"end":{"line":559,"column":13}}},"58":{"name":"toCSV","decl":{"start":{"line":580,"column":24},"end":{"line":580,"column":29}},"loc":{"start":{"line":580,"column":32},"end":{"line":585,"column":9}}},"59":{"name":"toJSON","decl":{"start":{"line":600,"column":24},"end":{"line":600,"column":30}},"loc":{"start":{"line":600,"column":33},"end":{"line":609,"column":9}}},"60":{"name":"show","decl":{"start":{"line":624,"column":24},"end":{"line":624,"column":28}},"loc":{"start":{"line":624,"column":31},"end":{"line":645,"column":9}}},"61":{"name":"makeRow","decl":{"start":{"line":628,"column":35},"end":{"line":628,"column":42}},"loc":{"start":{"line":628,"column":48},"end":{"line":633,"column":13}}},"62":{"name":"(anonymous_62)","decl":{"start":{"line":629,"column":38},"end":{"line":629,"column":39}},"loc":{"start":{"line":629,"column":56},"end":{"line":632,"column":17}}},"63":{"name":"(anonymous_63)","decl":{"start":{"line":636,"column":143},"end":{"line":636,"column":144}},"loc":{"start":{"line":636,"column":158},"end":{"line":638,"column":13}}},"64":{"name":"(anonymous_64)","decl":{"start":{"line":638,"column":15},"end":{"line":638,"column":16}},"loc":{"start":{"line":638,"column":27},"end":{"line":640,"column":13}}},"65":{"name":"dim","decl":{"start":{"line":656,"column":24},"end":{"line":656,"column":27}},"loc":{"start":{"line":656,"column":30},"end":{"line":658,"column":9}}},"66":{"name":"transpose","decl":{"start":{"line":670,"column":24},"end":{"line":670,"column":33}},"loc":{"start":{"line":670,"column":55},"end":{"line":674,"column":9}}},"67":{"name":"count","decl":{"start":{"line":685,"column":24},"end":{"line":685,"column":29}},"loc":{"start":{"line":685,"column":32},"end":{"line":687,"column":9}}},"68":{"name":"countValue","decl":{"start":{"line":701,"column":24},"end":{"line":701,"column":34}},"loc":{"start":{"line":701,"column":49},"end":{"line":707,"column":9}}},"69":{"name":"(anonymous_69)","decl":{"start":{"line":704,"column":31},"end":{"line":704,"column":32}},"loc":{"start":{"line":704,"column":46},"end":{"line":706,"column":13}}},"70":{"name":"push","decl":{"start":{"line":719,"column":24},"end":{"line":719,"column":28}},"loc":{"start":{"line":719,"column":31},"end":{"line":725,"column":9}}},"71":{"name":"replace","decl":{"start":{"line":739,"column":24},"end":{"line":739,"column":31}},"loc":{"start":{"line":739,"column":65},"end":{"line":748,"column":9}}},"72":{"name":"(anonymous_72)","decl":{"start":{"line":743,"column":28},"end":{"line":743,"column":29}},"loc":{"start":{"line":743,"column":43},"end":{"line":747,"column":13}}},"73":{"name":"(anonymous_73)","decl":{"start":{"line":744,"column":83},"end":{"line":744,"column":84}},"loc":{"start":{"line":744,"column":99},"end":{"line":746,"column":17}}},"74":{"name":"distinct","decl":{"start":{"line":760,"column":24},"end":{"line":760,"column":32}},"loc":{"start":{"line":760,"column":45},"end":{"line":762,"column":9}}},"75":{"name":"unique","decl":{"start":{"line":775,"column":24},"end":{"line":775,"column":30}},"loc":{"start":{"line":775,"column":43},"end":{"line":777,"column":9}}},"76":{"name":"listColumns","decl":{"start":{"line":788,"column":24},"end":{"line":788,"column":35}},"loc":{"start":{"line":788,"column":38},"end":{"line":790,"column":9}}},"77":{"name":"select","decl":{"start":{"line":802,"column":24},"end":{"line":802,"column":30}},"loc":{"start":{"line":802,"column":33},"end":{"line":810,"column":9}}},"78":{"name":"(anonymous_78)","decl":{"start":{"line":807,"column":59},"end":{"line":807,"column":60}},"loc":{"start":{"line":807,"column":74},"end":{"line":809,"column":13}}},"79":{"name":"withColumn","decl":{"start":{"line":824,"column":24},"end":{"line":824,"column":34}},"loc":{"start":{"line":824,"column":47},"end":{"line":832,"column":9}}},"80":{"name":"(anonymous_80)","decl":{"start":{"line":825,"column":77},"end":{"line":825,"column":78}},"loc":{"start":{"line":825,"column":89},"end":{"line":827,"column":13}}},"81":{"name":"(anonymous_81)","decl":{"start":{"line":829,"column":59},"end":{"line":829,"column":60}},"loc":{"start":{"line":829,"column":81},"end":{"line":831,"column":13}}},"82":{"name":"restructure","decl":{"start":{"line":846,"column":24},"end":{"line":846,"column":35}},"loc":{"start":{"line":846,"column":52},"end":{"line":848,"column":9}}},"83":{"name":"renameAll","decl":{"start":{"line":860,"column":24},"end":{"line":860,"column":33}},"loc":{"start":{"line":860,"column":50},"end":{"line":865,"column":9}}},"84":{"name":"rename","decl":{"start":{"line":878,"column":24},"end":{"line":878,"column":30}},"loc":{"start":{"line":878,"column":56},"end":{"line":883,"column":9}}},"85":{"name":"(anonymous_85)","decl":{"start":{"line":879,"column":55},"end":{"line":879,"column":56}},"loc":{"start":{"line":879,"column":73},"end":{"line":881,"column":13}}},"86":{"name":"castAll","decl":{"start":{"line":895,"column":24},"end":{"line":895,"column":31}},"loc":{"start":{"line":895,"column":47},"end":{"line":906,"column":9}}},"87":{"name":"(anonymous_87)","decl":{"start":{"line":901,"column":28},"end":{"line":901,"column":29}},"loc":{"start":{"line":901,"column":43},"end":{"line":905,"column":13}}},"88":{"name":"(anonymous_88)","decl":{"start":{"line":902,"column":59},"end":{"line":902,"column":60}},"loc":{"start":{"line":902,"column":84},"end":{"line":904,"column":17}}},"89":{"name":"cast","decl":{"start":{"line":920,"column":24},"end":{"line":920,"column":28}},"loc":{"start":{"line":920,"column":55},"end":{"line":924,"column":9}}},"90":{"name":"(anonymous_90)","decl":{"start":{"line":921,"column":47},"end":{"line":921,"column":48}},"loc":{"start":{"line":921,"column":62},"end":{"line":923,"column":13}}},"91":{"name":"drop","decl":{"start":{"line":936,"column":24},"end":{"line":936,"column":28}},"loc":{"start":{"line":936,"column":41},"end":{"line":942,"column":9}}},"92":{"name":"(anonymous_92)","decl":{"start":{"line":937,"column":59},"end":{"line":937,"column":60}},"loc":{"start":{"line":937,"column":74},"end":{"line":939,"column":13}}},"93":{"name":"(anonymous_93)","decl":{"start":{"line":939,"column":41},"end":{"line":939,"column":42}},"loc":{"start":{"line":939,"column":59},"end":{"line":941,"column":13}}},"94":{"name":"chain","decl":{"start":{"line":960,"column":24},"end":{"line":960,"column":29}},"loc":{"start":{"line":960,"column":32},"end":{"line":966,"column":9}}},"95":{"name":"filter","decl":{"start":{"line":979,"column":24},"end":{"line":979,"column":30}},"loc":{"start":{"line":979,"column":42},"end":{"line":995,"column":9}}},"96":{"name":"(anonymous_96)","decl":{"start":{"line":980,"column":122},"end":{"line":980,"column":123}},"loc":{"start":{"line":980,"column":137},"end":{"line":990,"column":13}}},"97":{"name":"(anonymous_97)","decl":{"start":{"line":981,"column":61},"end":{"line":981,"column":62}},"loc":{"start":{"line":981,"column":78},"end":{"line":987,"column":17}}},"98":{"name":"(anonymous_98)","decl":{"start":{"line":987,"column":26},"end":{"line":987,"column":27}},"loc":{"start":{"line":987,"column":42},"end":{"line":989,"column":17}}},"99":{"name":"(anonymous_99)","decl":{"start":{"line":991,"column":111},"end":{"line":991,"column":112}},"loc":{"start":{"line":991,"column":126},"end":{"line":993,"column":13}}},"100":{"name":"where","decl":{"start":{"line":1009,"column":24},"end":{"line":1009,"column":29}},"loc":{"start":{"line":1009,"column":41},"end":{"line":1011,"column":9}}},"101":{"name":"find","decl":{"start":{"line":1024,"column":24},"end":{"line":1024,"column":28}},"loc":{"start":{"line":1024,"column":40},"end":{"line":1026,"column":9}}},"102":{"name":"map","decl":{"start":{"line":1038,"column":24},"end":{"line":1038,"column":27}},"loc":{"start":{"line":1038,"column":34},"end":{"line":1042,"column":9}}},"103":{"name":"(anonymous_103)","decl":{"start":{"line":1039,"column":120},"end":{"line":1039,"column":121}},"loc":{"start":{"line":1039,"column":135},"end":{"line":1041,"column":13}}},"104":{"name":"reduce","decl":{"start":{"line":1059,"column":24},"end":{"line":1059,"column":30}},"loc":{"start":{"line":1059,"column":43},"end":{"line":1065,"column":9}}},"105":{"name":"(anonymous_105)","decl":{"start":{"line":1060,"column":71},"end":{"line":1060,"column":72}},"loc":{"start":{"line":1060,"column":87},"end":{"line":1062,"column":13}}},"106":{"name":"(anonymous_106)","decl":{"start":{"line":1062,"column":39},"end":{"line":1062,"column":40}},"loc":{"start":{"line":1062,"column":55},"end":{"line":1064,"column":13}}},"107":{"name":"reduceRight","decl":{"start":{"line":1078,"column":24},"end":{"line":1078,"column":35}},"loc":{"start":{"line":1078,"column":48},"end":{"line":1084,"column":9}}},"108":{"name":"(anonymous_108)","decl":{"start":{"line":1079,"column":76},"end":{"line":1079,"column":77}},"loc":{"start":{"line":1079,"column":92},"end":{"line":1081,"column":13}}},"109":{"name":"(anonymous_109)","decl":{"start":{"line":1081,"column":44},"end":{"line":1081,"column":45}},"loc":{"start":{"line":1081,"column":60},"end":{"line":1083,"column":13}}},"110":{"name":"dropDuplicates","decl":{"start":{"line":1095,"column":24},"end":{"line":1095,"column":38}},"loc":{"start":{"line":1095,"column":41},"end":{"line":1097,"column":9}}},"111":{"name":"(anonymous_111)","decl":{"start":{"line":1096,"column":107},"end":{"line":1096,"column":108}},"loc":{"start":{"line":1096,"column":119},"end":{"line":1096,"column":121}}},"112":{"name":"shuffle","decl":{"start":{"line":1108,"column":24},"end":{"line":1108,"column":31}},"loc":{"start":{"line":1108,"column":34},"end":{"line":1113,"column":9}}},"113":{"name":"(anonymous_113)","decl":{"start":{"line":1109,"column":52},"end":{"line":1109,"column":53}},"loc":{"start":{"line":1109,"column":68},"end":{"line":1112,"column":13}}},"114":{"name":"sample","decl":{"start":{"line":1125,"column":24},"end":{"line":1125,"column":30}},"loc":{"start":{"line":1125,"column":43},"end":{"line":1134,"column":9}}},"115":{"name":"(anonymous_115)","decl":{"start":{"line":1128,"column":130},"end":{"line":1128,"column":131}},"loc":{"start":{"line":1128,"column":145},"end":{"line":1131,"column":13}}},"116":{"name":"(anonymous_116)","decl":{"start":{"line":1131,"column":15},"end":{"line":1131,"column":16}},"loc":{"start":{"line":1131,"column":27},"end":{"line":1133,"column":13}}},"117":{"name":"bisect","decl":{"start":{"line":1146,"column":24},"end":{"line":1146,"column":30}},"loc":{"start":{"line":1146,"column":43},"end":{"line":1157,"column":9}}},"118":{"name":"(anonymous_118)","decl":{"start":{"line":1150,"column":131},"end":{"line":1150,"column":132}},"loc":{"start":{"line":1150,"column":146},"end":{"line":1156,"column":13}}},"119":{"name":"groupBy","decl":{"start":{"line":1173,"column":24},"end":{"line":1173,"column":31}},"loc":{"start":{"line":1173,"column":34},"end":{"line":1179,"column":9}}},"120":{"name":"sortBy","decl":{"start":{"line":1192,"column":24},"end":{"line":1192,"column":30}},"loc":{"start":{"line":1192,"column":43},"end":{"line":1205,"column":9}}},"121":{"name":"(anonymous_121)","decl":{"start":{"line":1195,"column":49},"end":{"line":1195,"column":50}},"loc":{"start":{"line":1195,"column":65},"end":{"line":1203,"column":13}}},"122":{"name":"union","decl":{"start":{"line":1217,"column":24},"end":{"line":1217,"column":29}},"loc":{"start":{"line":1217,"column":41},"end":{"line":1222,"column":9}}},"123":{"name":"join","decl":{"start":{"line":1236,"column":24},"end":{"line":1236,"column":28}},"loc":{"start":{"line":1236,"column":52},"end":{"line":1259,"column":9}}},"124":{"name":"inner","decl":{"start":{"line":1242,"column":32},"end":{"line":1242,"column":37}},"loc":{"start":{"line":1242,"column":40},"end":{"line":1244,"column":17}}},"125":{"name":"full","decl":{"start":{"line":1245,"column":31},"end":{"line":1245,"column":35}},"loc":{"start":{"line":1245,"column":38},"end":{"line":1247,"column":17}}},"126":{"name":"outer","decl":{"start":{"line":1248,"column":32},"end":{"line":1248,"column":37}},"loc":{"start":{"line":1248,"column":40},"end":{"line":1250,"column":17}}},"127":{"name":"left","decl":{"start":{"line":1251,"column":31},"end":{"line":1251,"column":35}},"loc":{"start":{"line":1251,"column":38},"end":{"line":1253,"column":17}}},"128":{"name":"right","decl":{"start":{"line":1254,"column":32},"end":{"line":1254,"column":37}},"loc":{"start":{"line":1254,"column":40},"end":{"line":1256,"column":17}}},"129":{"name":"innerJoin","decl":{"start":{"line":1274,"column":24},"end":{"line":1274,"column":33}},"loc":{"start":{"line":1274,"column":57},"end":{"line":1276,"column":9}}},"130":{"name":"fullJoin","decl":{"start":{"line":1290,"column":24},"end":{"line":1290,"column":32}},"loc":{"start":{"line":1290,"column":56},"end":{"line":1292,"column":9}}},"131":{"name":"outerJoin","decl":{"start":{"line":1306,"column":24},"end":{"line":1306,"column":33}},"loc":{"start":{"line":1306,"column":57},"end":{"line":1308,"column":9}}},"132":{"name":"leftJoin","decl":{"start":{"line":1322,"column":24},"end":{"line":1322,"column":32}},"loc":{"start":{"line":1322,"column":56},"end":{"line":1324,"column":9}}},"133":{"name":"rightJoin","decl":{"start":{"line":1338,"column":24},"end":{"line":1338,"column":33}},"loc":{"start":{"line":1338,"column":57},"end":{"line":1340,"column":9}}}},"branchMap":{"0":{"loc":{"start":{"line":111,"column":46},"end":{"line":111,"column":92}},"type":"cond-expr","locations":[{"start":{"line":111,"column":70},"end":{"line":111,"column":73}},{"start":{"line":111,"column":76},"end":{"line":111,"column":92}}]},"1":{"loc":{"start":{"line":111,"column":46},"end":{"line":111,"column":67}},"type":"binary-expr","locations":[{"start":{"line":111,"column":46},"end":{"line":111,"column":49}},{"start":{"line":111,"column":53},"end":{"line":111,"column":67}}]},"2":{"loc":{"start":{"line":121,"column":4},"end":{"line":123,"column":5}},"type":"if","locations":[{"start":{"line":121,"column":4},"end":{"line":123,"column":5}},{"start":{"line":121,"column":4},"end":{"line":123,"column":5}}]},"3":{"loc":{"start":{"line":121,"column":8},"end":{"line":121,"column":43}},"type":"binary-expr","locations":[{"start":{"line":121,"column":8},"end":{"line":121,"column":23}},{"start":{"line":121,"column":27},"end":{"line":121,"column":43}}]},"4":{"loc":{"start":{"line":126,"column":15},"end":{"line":126,"column":56}},"type":"binary-expr","locations":[{"start":{"line":126,"column":15},"end":{"line":126,"column":48}},{"start":{"line":126,"column":52},"end":{"line":126,"column":56}}]},"5":{"loc":{"start":{"line":129,"column":4},"end":{"line":132,"column":5}},"type":"if","locations":[{"start":{"line":129,"column":4},"end":{"line":132,"column":5}},{"start":{"line":129,"column":4},"end":{"line":132,"column":5}}]},"6":{"loc":{"start":{"line":129,"column":8},"end":{"line":129,"column":46}},"type":"binary-expr","locations"
[...]
column":38}},"loc":{"start":{"line":15,"column":55},"end":{"line":62,"column":1}}},"2":{"name":"(anonymous_2)","decl":{"start":{"line":64,"column":39},"end":{"line":64,"column":40}},"loc":{"start":{"line":64,"column":57},"end":{"line":97,"column":1}}},"3":{"name":"(anonymous_3)","decl":{"start":{"line":76,"column":38},"end":{"line":76,"column":39}},"loc":{"start":{"line":76,"column":50},"end":{"line":78,"column":5}}},"4":{"name":"(anonymous_4)","decl":{"start":{"line":80,"column":38},"end":{"line":80,"column":39}},"loc":{"start":{"line":80,"column":50},"end":{"line":82,"column":5}}},"5":{"name":"(anonymous_5)","decl":{"start":{"line":84,"column":38},"end":{"line":84,"column":39}},"loc":{"start":{"line":84,"column":50},"end":{"line":86,"column":5}}},"6":{"name":"(anonymous_6)","decl":{"start":{"line":88,"column":38},"end":{"line":88,"column":39}},"loc":{"start":{"line":88,"column":50},"end":{"line":90,"column":5}}},"7":{"name":"(anonymous_7)","decl":{"start":{"line":92,"column":38},"end":{"line":92,"column":39}},"loc":{"start":{"line":92,"column":50},"end":{"line":94,"column":5}}}},"branchMap":{"0":{"loc":{"start":{"line":11,"column":46},"end":{"line":11,"column":92}},"type":"cond-expr","locations":[{"start":{"line":11,"column":70},"end":{"line":11,"column":73}},{"start":{"line":11,"column":76},"end":{"line":11,"column":92}}]},"1":{"loc":{"start":{"line":11,"column":46},"end":{"line":11,"column":67}},"type":"binary-expr","locations":[{"start":{"line":11,"column":46},"end":{"line":11,"column":49}},{"start":{"line":11,"column":53},"end":{"line":11,"column":67}}]}},"s":{"0":1,"1":1,"2":1,"3":1,"4":1,"5":1,"6":1,"7":1,"8":1,"9":1,"10":1,"11":1,"12":1,"13":1,"14":1,"15":1,"16":1,"17":1,"18":1,"19":1,"20":1,"21":1,"22":1,"23":1,"24":1,"25":1,"26":1,"27":1,"28":1,"29":1,"30":1},"f":{"0":1,"1":1,"2":1,"3":1,"4":1,"5":1,"6":1,"7":1},"b":{"0":[0,1],"1":[1,1]},"_coverageSchema":"332fd63041d2c1bcb487cc26dd0d5f7d97098a6c","hash":"6df76fd3ce868bd98bfd16ff4935ba59f6f4f208","contentHash":"ba1a0f90bfa97d004111b6ccb735919c_10.0.0"},"/home/mousse/Projects/dataframe-js/tests/row-test.js":{"path":"/home/mousse/Projects/dataframe-js/tests/row-test.js","statementMap":{"0":{"start":{"line":3,"column":12},"end":{"line":3,"column":27}},"1":{"start":{"line":5,"column":13},"end":{"line":5,"column":42}},"2":{"start":{"line":7,"column":13},"end":{"line":7,"column":39}},"3":{"start":{"line":9,"column":13},"end":{"line":9,"column":34}},"4":{"start":{"line":11,"column":39},"end":{"line":11,"column":93}},"5":{"start":{"line":13,"column":11},"end":{"line":13,"column":25}},"6":{"start":{"line":15,"column":0},"end":{"line":27,"column":3}},"7":{"start":{"line":16,"column":4},"end":{"line":16,"column":114}},"8":{"start":{"line":18,"column":4},"end":{"line":18,"column":133}},"9":{"start":{"line":20,"column":4},"end":{"line":20,"column":147}},"10":{"start":{"line":22,"column":4},"end":{"line":22,"column":135}},"11":{"start":{"line":24,"column":4},"end":{"line":24,"column":117}},"12":{"start":{"line":26,"column":4},"end":{"line":26,"column":17}},"13":{"start":{"line":29,"column":0},"end":{"line":43,"column":3}},"14":{"start":{"line":30,"column":4},"end":{"line":32,"column":71}},"15":{"start":{"line":31,"column":8},"end":{"line":31,"column":32}},"16":{"start":{"line":34,"column":4},"end":{"line":36,"column":76}},"17":{"start":{"line":35,"column":8},"end":{"line":35,"column":53}},"18":{"start":{"line":38,"column":4},"end":{"line":40,"column":80}},"19":{"start":{"line":39,"column":8},"end":{"line":39,"column":56}},"20":{"start":{"line":42,"column":4},"end":{"line":42,"column":17}},"21":{"start":{"line":45,"column":0},"end":{"line":65,"column":3}},"22":{"start":{"line":46,"column":14},"end":{"line":46,"column":76}},"23":{"start":{"line":48,"column":4},"end":{"line":48,"column":93}},"24":{"start":{"line":50,"column":4},"end":{"line":50,"column":113}},"25":{"start":{"line":52,"column":4},"end":{"line":52,"column":90}},"26":{"start":{"line":54,"column":4},"end":{"line":54,"column":46}},"27":{"start":{"line":56,"column":4},"end":{"line":56,"column":93}},"28":{"start":{"line":58,"column":4},"end":{"line":58,"column":109}},"29":{"start":{"line":60,"column":4},"end":{"line":60,"column":77}},"30":{"start":{"line":62,"column":4},"end":{"line":62,"column":85}},"31":{"start":{"line":64,"column":4},"end":{"line":64,"column":17}},"32":{"start":{"line":67,"column":0},"end":{"line":83,"column":3}},"33":{"start":{"line":68,"column":14},"end":{"line":68,"column":115}},"34":{"start":{"line":70,"column":4},"end":{"line":72,"column":99}},"35":{"start":{"line":71,"column":8},"end":{"line":71,"column":29}},"36":{"start":{"line":74,"column":4},"end":{"line":76,"column":104}},"37":{"start":{"line":75,"column":8},"end":{"line":75,"column":47}},"38":{"start":{"line":78,"column":4},"end":{"line":80,"column":103}},"39":{"start":{"line":79,"column":8},"end":{"line":79,"column":41}},"40":{"start":{"line":82,"column":4},"end":{"line":82,"column":17}}},"fnMap":{"0":{"name":"_interopRequireDefault","decl":{"start":{"line":11,"column":9},"end":{"line":11,"column":31}},"loc":{"start":{"line":11,"column":37},"end":{"line":11,"column":95}}},"1":{"name":"(anonymous_1)","decl":{"start":{"line":15,"column":20},"end":{"line":15,"column":21}},"loc":{"start":{"line":15,"column":38},"end":{"line":27,"column":1}}},"2":{"name":"(anonymous_2)","decl":{"start":{"line":29,"column":23},"end":{"line":29,"column":24}},"loc":{"start":{"line":29,"column":41},"end":{"line":43,"column":1}}},"3":{"name":"(anonymous_3)","decl":{"start":{"line":30,"column":38},"end":{"line":30,"column":39}},"loc":{"start":{"line":30,"column":50},"end":{"line":32,"column":5}}},"4":{"name":"(anonymous_4)","decl":{"start":{"line":34,"column":38},"end":{"line":34,"column":39}},"loc":{"start":{"line":34,"column":50},"end":{"line":36,"column":5}}},"5":{"name":"(anonymous_5)","decl":{"start":{"line":38,"column":38},"end":{"line":38,"column":39}},"loc":{"start":{"line":38,"column":50},"end":{"line":40,"column":5}}},"6":{"name":"(anonymous_6)","decl":{"start":{"line":45,"column":28},"end":{"line":45,"column":29}},"loc":{"start":{"line":45,"column":46},"end":{"line":65,"column":1}}},"7":{"name":"(anonymous_7)","decl":{"start":{"line":67,"column":31},"end":{"line":67,"column":32}},"loc":{"start":{"line":67,"column":49},"end":{"line":83,"column":1}}},"8":{"name":"(anonymous_8)","decl":{"start":{"line":70,"column":38},"end":{"line":70,"column":39}},"loc":{"start":{"line":70,"column":50},"end":{"line":72,"column":5}}},"9":{"name":"(anonymous_9)","decl":{"start":{"line":74,"column":38},"end":{"line":74,"column":39}},"loc":{"start":{"line":74,"column":50},"end":{"line":76,"column":5}}},"10":{"name":"(anonymous_10)","decl":{"start":{"line":78,"column":38},"end":{"line":78,"column":39}},"loc":{"start":{"line":78,"column":50},"end":{"line":80,"column":5}}}},"branchMap":{"0":{"loc":{"start":{"line":11,"column":46},"end":{"line":11,"column":92}},"type":"cond-expr","locations":[{"start":{"line":11,"column":70},"end":{"line":11,"column":73}},{"start":{"line":11,"column":76},"end":{"line":11,"column":92}}]},"1":{"loc":{"start":{"line":11,"column":46},"end":{"line":11,"column":67}},"type":"binary-expr","locations":[{"start":{"line":11,"column":46},"end":{"line":11,"column":49}},{"start":{"line":11,"column":53},"end":{"line":11,"column":67}}]}},"s":{"0":1,"1":1,"2":1,"3":1,"4":1,"5":1,"6":1,"7":1,"8":1,"9":1,"10":1,"11":1,"12":1,"13":1,"14":1,"15":1,"16":1,"17":1,"18":1,"19":1,"20":1,"21":1,"22":1,"23":1,"24":1,"25":1,"26":1,"27":1,"28":1,"29":1,"30":1,"31":1,"32":1,"33":1,"34":1,"35":1,"36":1,"37":1,"38":1,"39":1,"40":1},"f":{"0":1,"1":1,"2":1,"3":1,"4":1,"5":1,"6":1,"7":1,"8":1,"9":1,"10":1},"b":{"0":[0,1],"1":[1,1]},"_coverageSchema":"332fd63041d2c1bcb487cc26dd0d5f7d97098a6c","hash":"272949cf900e2adb7d358188676e8c4cedfa7e6f","contentHash":"ef749d3a3c0c99a54138a73a32bc28ee_10.0.0"},"/home/mousse/Projects/dataframe-js/tests/sql-test.js":{"path":"/home/mousse/Projects/dataframe-js/tests/sql-test.js","statementMap":{"0":{"start":{"line":3,"column":12},"end":{"line":3,"column":27}},"1":{"start":{"line":5,"column":13},"end":{"line":5,"column":42}},"2":{"start":{"line":7,"column":13},"end":{"line":7,"column":39}},"3":{"start":{"line":9,"column":13},"end":{"line":9,"column":34}},"4":{"start":{"line":11,"column":39},"end":{"line":11,"column":93}},"5":{"start":{"line":13,"column":11},"end":{"line":13,"column":25}},"6":{"start":{"line":15,"column":0},"end":{"line":98,"column":3}},"7":{"start":{"line":16,"column":14},"end":{"line":21,"column":43}},"8":{"start":{"line":23,"column":14},"end":{"line":28,"column":43}},"9":{"start":{"line":30,"column":4},"end":{"line":30,"column":28}},"10":{"start":{"line":31,"column":4},"end":{"line":31,"column":29}},"11":{"start":{"line":33,"column":4},"end":{"line":33,"column":100}},"12":{"start":{"line":35,"column":4},"end":{"line":35,"column":52}},"13":{"start":{"line":36,"column":4},"end":{"line":36,"column":102}},"14":{"start":{"line":38,"column":4},"end":{"line":38,"column":43}},"15":{"start":{"line":39,"column":4},"end":{"line":39,"column":90}},"16":{"start":{"line":41,"column":4},"end":{"line":41,"column":52}},"17":{"start":{"line":42,"column":4},"end":{"line":42,"column":52}},"18":{"start":{"line":43,"column":4},"end":{"line":43,"column":53}},"19":{"start":{"line":44,"column":4},"end":{"line":44,"column":108}},"20":{"start":{"line":46,"column":4},"end":{"line":46,"column":59}},"21":{"start":{"line":47,"column":4},"end":{"line":47,"column":152}},"22":{"start":{"line":49,"column":4},"end":{"line":49,"column":38}},"23":{"start":{"line":50,"column":4},"end":{"line":50,"column":80}},"24":{"start":{"line":52,"column":4},"end":{"line":52,"column":28}},"25":{"start":{"line":53,"column":4},"end":{"line":53,"column":130}},"26":{"start":{"line":55,"column":4},"end":{"line":55,"column":29}},"27":{"start":{"line":56,"column":4},"end":{"line":56,"column":35}},"28":{"start":{"line":57,"column":4},"end":{"line":57,"column":128}},"29":{"start":{"line":59,"column":4},"end":{"line":59,"column":254}},"30":{"start":{"line":61,"column":4},"end":{"line":63,"column":97}},"31":{"start":{"line":62,"column":8},"end":{"line":62,"column":91}},"32":{"start":{"line":65,"column":4},"end":{"line":65,"column":191}},"33":{"start":{"line":67,"column":4},"end":{"line":67,"column":220}},"34":{"start":{"line":69,"column":4},"end":{"line":71,"column":73}},"35":{"start":{"line":70,"column":8},"end":{"line":70,"column":48}},"36":{"start":{"line":73,"column":4},"end":{"line":73,"column":278}},"37":{"start":{"line":75,"column":4},"end":{"line":75,"column":229}},"38":{"start":{"line":77,"column":4},"end":{"line":77,"column":138}},"39":{"start":{"line":79,"column":4},"end":{"line":79,"column":131}},"40":{"start":{"line":81,"column":4},"end":{"line":81,"column":131}},"41":{"start":{"line":83,"column":4},"end":{"line":83,"column":131}},"42":{"start":{"line":85,"column":4},"end":{"line":85,"column":131}},"43":{"start":{"line":87,"column":4},"end":{"line":87,"column":183}},"44":{"start":{"line":89,"column":4},"end":{"line":91,"column":68}},"45":{"start":{"line":90,"column":8},"end":{"line":90,"column":42}},"46":{"start":{"line":93,"column":4},"end":{"line":95,"column":76}},"47":{"start":{"line":94,"column":8},"end":{"line":94,"column":29}},"48":{"start":{"line":97,"column":4},"end":{"line":97,"column":17}},"49":{"start":{"line":100,"column":0},"end":{"line":142,"column":3}},"50":{"start":{"line":101,"column":4},"end":{"line":103,"column":72}},"51":{"start":{"line":102,"column":8},"end":{"line":102,"column":62}},"52":{"start":{"line":105,"column":4},"end":{"line":107,"column":88}},"53":{"start":{"line":106,"column":8},"end":{"line":106,"column":46}},"54":{"start":{"line":109,"column":4},"end":{"line":111,"column":153}},"55":{"start":{"line":110,"column":8},"end":{"line":110,"column":92}},"56":{"start":{"line":113,"column":4},"end":{"line":115,"column":157}},"57":{"start":{"line":114,"column":8},"end":{"line":114,"column":63}},"58":{"start":{"line":117,"column":4},"end":{"line":119,"column":89}},"59":{"start":{"line":118,"column":8},"end":{"line":118,"column":71}},"60":{"start":{"line":121,"column":4},"end":{"line":123,"column":87}},"61":{"start":{"line":122,"column":8},"end":{"line":122,"column":73}},"62":{"start":{"line":125,"column":4},"end":{"line":127,"column":93}},"63":{"start":{"line":126,"column":8},"end":{"line":126,"column":74}},"64":{"start":{"line":129,"column":4},"end":{"line":131,"column":98}},"65":{"start":{"line":130,"column":8},"end":{"line":130,"column":81}},"66":{"start":{"line":133,"column":4},"end":{"line":135,"column":104}},"67":{"start":{"line":134,"column":8},"end":{"line":134,"column":64}},"68":{"start":{"line":137,"column":4},"end":{"line":139,"column":106}},"69":{"start":{"line":138,"column":8},"end":{"line":138,"column":72}},"70":{"start":{"line":141,"column":4},"end":{"line":141,"column":17}}},"fnMap":{"0":{"name":"_interopRequireDefault","decl":{"start":{"line":11,"column":9},"end":{"line":11,"column":31}},"loc":{"start":{"line":11,"column":37},"end":{"line":11,"column":95}}},"1":{"name":"(anonymous_1)","decl":{"start":{"line":15,"column":34},"end":{"line":15,"column":35}},"loc":{"start":{"line":15,"column":52},"end":{"line":98,"column":1}}},"2":{"name":"(anonymous_2)","decl":{"start":{"line":61,"column":152},"end":{"line":61,"column":153}},"loc":{"start":{"line":61,"column":167},"end":{"line":63,"column":5}}},"3":{"name":"(anonymous_3)","decl":{"start":{"line":69,"column":156},"end":{"line":69,"column":157}},"loc":{"start":{"line":69,"column":171},"end":{"line":71,"column":5}}},"4":{"name":"(anonymous_4)","decl":{"start":{"line":89,"column":142},"end":{"line":89,"column":143}},"loc":{"start":{"line":89,"column":159},"end":{"line":91,"column":5}}},"5":{"name":"(anonymous_5)","decl":{"start":{"line":93,"column":164},"end":{"line":93,"column":165}},"loc":{"start":{"line":93,"column":181},"end":{"line":95,"column":5}}},"6":{"name":"(anonymous_6)","decl":{"start":{"line":100,"column":37},"end":{"line":100,"column":38}},"loc":{"start":{"line":100,"column":55},"end":{"line":142,"column":1}}},"7":{"name":"(anonymous_7)","decl":{"start":{"line":101,"column":38},"end":{"line":101,"column":39}},"loc":{"start":{"line":101,"column":50},"end":{"line":103,"column":5}}},"8":{"name":"(anonymous_8)","decl":{"start":{"line":105,"column":38},"end":{"line":105,"column":39}},"loc":{"start":{"line":105,"column":50},"end":{"line":107,"column":5}}},"9":{"name":"(anonymous_9)","decl":{"start":{"line":109,"column":38},"end":{"line":109,"column":39}},"loc":{"start":{"line":109,"column":50},"end":{"line":111,"column":5}}},"10":{"name":"(anonymous_10)","decl":{"start":{"line":113,"column":38},"end":{"line":113,"column":39}},"loc":{"start":{"line":113,"column":50},"end":{"line":115,"column":5}}},"11":{"name":"(anonymous_11)","decl":{"start":{"line":117,"column":42},"end":{"line":117,"column":43}},"loc":{"start":{"line":117,"column":54},"end":{"line":119,"column":5}}},"12":{"name":"(anonymous_12)","decl":{"start":{"line":121,"column":42},"end":{"line":121,"column":43}},"loc":{"start":{"line":121,"column":54},"end":{"line":123,"column":5}}},"13":{"name":"(anonymous_13)","decl":{"start":{"line":125,"column":42},"end":{"line":125,"column":43}},"loc":{"start":{"line":125,"column":54},"end":{"line":127,"column":5}}},"14":{"name":"(anonymous_14)","decl":{"start":{"line":129,"column":42},"end":{"line":129,"column":43}},"loc":{"start":{"line":129,"column":54},"end":{"line":131,"column":5}}},"15":{"name":"(anonymous_15)","decl":{"start":{"line":133,"column":42},"end":{"line":133,"column":43}},"loc":{"start":{"line":133,"column":54},"end":{"line":135,"column":5}}},"16":{"name":"(anonymous_16)","decl":{"start":{"line":137,"column":42},"end":{"line":137,"column":43}},"loc":{"start":{"line":137,"column":54},"end":{"line":139,"column":5}}}},"branchMap":{"0":{"loc":{"start":{"line":11,"column":46},"end":{"line":11,"column":92}},"type":"cond-expr","locations":[{"start":{"line":11,"column":70},"end":{"line":11,"column":73}},{"start":{"line":11,"column":76},"end":{"line":11,"column":92}}]},"1":{"loc":{"start":{"line":11,"column":46},"end":{"line":11,"column":67}},"type":"binary-expr","locations":[{"start":{"line":11,"column":46},"end":{"line":11,"column":49}},{"start":{"line":11,"column":53},"end":{"line":11,"column":67}}]},"2":{"loc":{"start":{"line":62,"column":15},"end":{"line":62,"column":90}},"type":"binary-expr","locations":[{"start":{"line":62,"column":15},"end":{"line":62,"column":38}},{"start":{"line":62,"column":42},"end":{"line":62,"column":90}}]}},"s":{"0":1,"1":1,"2":1,"3":1,"4":1,"5":1,"6":1,"7":1,"8":1,"9":1,"10":1,"11":1,"12":1,"13":1,"14":1,"15":1,"16":1,"17":1,"18":1,"19":1,"20":1,"21":1,"22":1,"23":1,"24":1,"25":1,"26":1,"27":1,"28":1,"29":1,"30":1,"31":3,"32":1,"33":1,"34":1,"35":1,"36":1,"37":1,"38":1,"39":1,"40":1,"41":1,"42":1,"43":1,"44":1,"45":2,"46":1,"47":3,"48":1,"49":1,"50":1,"51":1,"52":1,"53":1,"54":1,"55":1,"56":1,"57":1,"58":1,"59":1,"60":1,"61":1,"62":1,"63":1,"64":1,"65":1,"66":1,"67":1,"68":1,"69":1,"70":1},"f":{"0":1,"1":1,"2":3,"3":1,"4":2,"5":3,"6":1,"7":1,"8":1,"9":1,"10":1,"11":1,"12":1,"13":1,"14":1,"15":1,"16":1},"b":{"0":[0,1],"1":[1,1],"2":[3,3]},"_coverageSchema":"332fd63041d2c1bcb487cc26dd0d5f7d97098a6c","hash":"91f60d74bcbc8b68a7fc06dd837a6c2c27439c11","contentHash":"bd5e32aa48216fcad4830ee65ad2254c_10.0.0"},"/home/mousse/Projects/dataframe-js/tests/stat-test.js":{"path":"/home/mousse/Projects/dataframe-js/tests/stat-test.js","statementMap":{"0":{"start":{"line":3,"column":12},"end":{"line":3,"column":27}},"1":{"start":{"line":5,"column":13},"end":{"line":5,"column":42}},"2":{"start":{"line":7,"column":13},"end":{"line":7,"column":39}},"3":{"start":{"line":9,"column":39},"end":{"line":9,"column":93}},"4":{"start":{"line":11,"column":11},"end":{"line":11,"column":25}},"5":{"start":{"line":13,"column":0},"end":{"line":52,"column":3}},"6":{"start":{"line":14,"column":13},"end":{"line":18,"column":41}},"7":{"start":{"line":20,"column":4},"end":{"line":20,"column":77}},"8":{"start":{"line":22,"column":4},"end":{"line":22,"column":103}},"9":{"start":{"line":24,"column":4},"end":{"line":24,"column":96}},"10":{"start":{"line":26,"column":4},"end":{"line":26,"column":115}},"11":{"start":{"line":28,"column":4},"end":{"line":28,"column":96}},"12":{"start":{"line":30,"column":4},"end":{"line":30,"column":94}},"13":{"start":{"line":32,"column":4},"end":{"line":32,"column":106}},"14":{"start":{"line":34,"column":4},"end":{"line":34,"column":124}},"15":{"start":{"line":36,"column":4},"end":{"line":36,"column":97}},"16":{"start":{"line":38,"column":4},"end":{"line":38,"column":114}},"17":{"start":{"line":40,"column":4},"end":{"line":49,"column":48}},"18":{"start":{"line":51,"column":4},"end":{"line":51,"column":17}}},"fnMap":{"0":{"name":"_interopRequireDefault","decl":{"start":{"line":9,"column":9},"end":{"line":9,"column":31}},"loc":{"start":{"line":9,"column":37},"end":{"line":9,"column":95}}},"1":{"name":"(anonymous_1)","decl":{"start":{"line":13,"column":35},"end":{"line":13,"column":36}},"loc":{"start":{"line":13,"column":53},"end":{"line":52,"column":1}}}},"branchMap":{"0":{"loc":{"start":{"line":9,"column":46},"end":{"line":9,"column":92}},"type":"cond-expr","locations":[{"start":{"line":9,"column":70},"end":{"line":9,"column":73}},{"start":{"line":9,"column":76},"end":{"line":9,"column":92}}]},"1":{"loc":{"start":{"line":9,"column":46},"end":{"line":9,"column":67}},"type":"binary-expr","locations":[{"start":{"line":9,"column":46},"end":{"line":9,"column":49}},{"start":{"line":9,"column":53},"end":{"line":9,"column":67}}]}},"s":{"0":1,"1":1,"2":1,"3":1,"4":1,"5":1,"6":1,"7":1,"8":1,"9":1,"10":1,"11":1,"12":1,"13":1,"14":1,"15":1,"16":1,"17":1,"18":1},"f":{"0":1,"1":1},"b":{"0":[0,1],"1":[1,1]},"_coverageSchema":"332fd63041d2c1bcb487cc26dd0d5f7d97098a6c","hash":"7065cd42a7c73e0db66fadc1cb92615d7312969f","contentHash":"e69eadef1163dd1586514b9a4fd52ee1_10.0.0"}}